TN:
SF:src\App.tsx
FN:24,(anonymous_10)
FN:24,(anonymous_11)
FN:25,(anonymous_12)
FN:25,(anonymous_13)
FN:26,(anonymous_14)
FN:26,(anonymous_15)
FN:27,(anonymous_16)
FN:27,(anonymous_17)
FN:28,(anonymous_18)
FN:28,(anonymous_19)
FN:29,(anonymous_20)
FN:29,(anonymous_21)
FN:30,(anonymous_22)
FN:30,(anonymous_23)
FN:31,(anonymous_24)
FN:31,(anonymous_25)
FN:32,(anonymous_26)
FN:32,(anonymous_27)
FN:33,(anonymous_28)
FN:33,(anonymous_29)
FN:34,(anonymous_30)
FN:34,(anonymous_31)
FN:35,(anonymous_32)
FN:35,(anonymous_33)
FN:36,(anonymous_34)
FN:36,(anonymous_35)
FN:37,(anonymous_36)
FN:37,(anonymous_37)
FN:38,(anonymous_38)
FN:38,(anonymous_39)
FN:39,(anonymous_40)
FN:39,(anonymous_41)
FN:40,(anonymous_42)
FN:40,(anonymous_43)
FN:41,(anonymous_44)
FN:41,(anonymous_45)
FN:42,(anonymous_46)
FN:42,(anonymous_47)
FN:43,(anonymous_48)
FN:43,(anonymous_49)
FN:44,(anonymous_50)
FN:44,(anonymous_51)
FN:45,(anonymous_52)
FN:45,(anonymous_53)
FN:50,(anonymous_54)
FN:65,(anonymous_55)
FNF:46
FNH:0
FNDA:0,(anonymous_10)
FNDA:0,(anonymous_11)
FNDA:0,(anonymous_12)
FNDA:0,(anonymous_13)
FNDA:0,(anonymous_14)
FNDA:0,(anonymous_15)
FNDA:0,(anonymous_16)
FNDA:0,(anonymous_17)
FNDA:0,(anonymous_18)
FNDA:0,(anonymous_19)
FNDA:0,(anonymous_20)
FNDA:0,(anonymous_21)
FNDA:0,(anonymous_22)
FNDA:0,(anonymous_23)
FNDA:0,(anonymous_24)
FNDA:0,(anonymous_25)
FNDA:0,(anonymous_26)
FNDA:0,(anonymous_27)
FNDA:0,(anonymous_28)
FNDA:0,(anonymous_29)
FNDA:0,(anonymous_30)
FNDA:0,(anonymous_31)
FNDA:0,(anonymous_32)
FNDA:0,(anonymous_33)
FNDA:0,(anonymous_34)
FNDA:0,(anonymous_35)
FNDA:0,(anonymous_36)
FNDA:0,(anonymous_37)
FNDA:0,(anonymous_38)
FNDA:0,(anonymous_39)
FNDA:0,(anonymous_40)
FNDA:0,(anonymous_41)
FNDA:0,(anonymous_42)
FNDA:0,(anonymous_43)
FNDA:0,(anonymous_44)
FNDA:0,(anonymous_45)
FNDA:0,(anonymous_46)
FNDA:0,(anonymous_47)
FNDA:0,(anonymous_48)
FNDA:0,(anonymous_49)
FNDA:0,(anonymous_50)
FNDA:0,(anonymous_51)
FNDA:0,(anonymous_52)
FNDA:0,(anonymous_53)
FNDA:0,(anonymous_54)
FNDA:0,(anonymous_55)
DA:1,0
DA:2,0
DA:3,0
DA:4,0
DA:5,0
DA:6,0
DA:7,0
DA:8,0
DA:9,0
DA:10,0
DA:11,0
DA:12,0
DA:13,0
DA:14,0
DA:15,0
DA:16,0
DA:17,0
DA:18,0
DA:19,0
DA:20,0
DA:21,0
DA:24,0
DA:25,0
DA:26,0
DA:27,0
DA:28,0
DA:29,0
DA:30,0
DA:31,0
DA:32,0
DA:33,0
DA:34,0
DA:35,0
DA:36,0
DA:37,0
DA:38,0
DA:39,0
DA:40,0
DA:41,0
DA:42,0
DA:43,0
DA:44,0
DA:45,0
DA:47,0
DA:50,0
DA:52,0
DA:53,0
DA:54,0
DA:55,0
DA:57,0
DA:59,0
DA:63,0
DA:65,0
DA:66,0
DA:204,0
LF:55
LH:0
BRF:0
BRH:0
end_of_record
TN:
SF:src\components\AdvancedFilterDialog.tsx
FN:58,(anonymous_9)
FN:65,(anonymous_10)
FN:95,(anonymous_11)
FN:100,(anonymous_12)
FN:106,(anonymous_13)
FN:117,(anonymous_14)
FN:125,(anonymous_15)
FN:144,(anonymous_16)
FN:145,(anonymous_17)
FN:149,(anonymous_18)
FN:164,(anonymous_19)
FN:165,(anonymous_20)
FN:169,(anonymous_21)
FN:186,(anonymous_22)
FN:194,(anonymous_23)
FN:213,(anonymous_24)
FN:214,(anonymous_25)
FN:218,(anonymous_26)
FN:233,(anonymous_27)
FN:234,(anonymous_28)
FN:250,(anonymous_29)
FN:256,(anonymous_30)
FN:269,(anonymous_31)
FN:280,(anonymous_32)
FN:297,(anonymous_33)
FN:298,(anonymous_34)
FN:298,(anonymous_35)
FN:309,(anonymous_36)
FN:315,(anonymous_37)
FN:329,(anonymous_38)
FN:347,(anonymous_39)
FN:357,(anonymous_40)
FN:366,(anonymous_41)
FN:372,(anonymous_42)
FN:384,(anonymous_43)
FN:400,(anonymous_44)
FN:414,(anonymous_45)
FN:422,(anonymous_46)
FN:442,(anonymous_47)
FN:452,(anonymous_48)
FN:473,(anonymous_49)
FN:488,(anonymous_50)
FN:499,(anonymous_51)
FN:502,(anonymous_52)
FN:509,(anonymous_53)
FN:518,(anonymous_54)
FN:530,(anonymous_55)
FN:558,(anonymous_56)
FN:574,(anonymous_57)
FN:615,(anonymous_58)
FN:624,(anonymous_59)
FN:637,(anonymous_60)
FN:652,(anonymous_61)
FN:666,(anonymous_62)
FNF:54
FNH:0
FNDA:0,(anonymous_9)
FNDA:0,(anonymous_10)
FNDA:0,(anonymous_11)
FNDA:0,(anonymous_12)
FNDA:0,(anonymous_13)
FNDA:0,(anonymous_14)
FNDA:0,(anonymous_15)
FNDA:0,(anonymous_16)
FNDA:0,(anonymous_17)
FNDA:0,(anonymous_18)
FNDA:0,(anonymous_19)
FNDA:0,(anonymous_20)
FNDA:0,(anonymous_21)
FNDA:0,(anonymous_22)
FNDA:0,(anonymous_23)
FNDA:0,(anonymous_24)
FNDA:0,(anonymous_25)
FNDA:0,(anonymous_26)
FNDA:0,(anonymous_27)
FNDA:0,(anonymous_28)
FNDA:0,(anonymous_29)
FNDA:0,(anonymous_30)
FNDA:0,(anonymous_31)
FNDA:0,(anonymous_32)
FNDA:0,(anonymous_33)
FNDA:0,(anonymous_34)
FNDA:0,(anonymous_35)
FNDA:0,(anonymous_36)
FNDA:0,(anonymous_37)
FNDA:0,(anonymous_38)
FNDA:0,(anonymous_39)
FNDA:0,(anonymous_40)
FNDA:0,(anonymous_41)
FNDA:0,(anonymous_42)
FNDA:0,(anonymous_43)
FNDA:0,(anonymous_44)
FNDA:0,(anonymous_45)
FNDA:0,(anonymous_46)
FNDA:0,(anonymous_47)
FNDA:0,(anonymous_48)
FNDA:0,(anonymous_49)
FNDA:0,(anonymous_50)
FNDA:0,(anonymous_51)
FNDA:0,(anonymous_52)
FNDA:0,(anonymous_53)
FNDA:0,(anonymous_54)
FNDA:0,(anonymous_55)
FNDA:0,(anonymous_56)
FNDA:0,(anonymous_57)
FNDA:0,(anonymous_58)
FNDA:0,(anonymous_59)
FNDA:0,(anonymous_60)
FNDA:0,(anonymous_61)
FNDA:0,(anonymous_62)
DA:1,0
DA:2,0
DA:10,0
DA:11,0
DA:12,0
DA:13,0
DA:14,0
DA:21,0
DA:22,0
DA:23,0
DA:24,0
DA:25,0
DA:37,0
DA:48,0
DA:58,0
DA:65,0
DA:66,0
DA:67,0
DA:70,0
DA:86,0
DA:92,0
DA:95,0
DA:96,0
DA:100,0
DA:101,0
DA:102,0
DA:106,0
DA:107,0
DA:112,0
DA:113,0
DA:117,0
DA:118,0
DA:125,0
DA:126,0
DA:127,0
DA:132,0
DA:138,0
DA:144,0
DA:145,0
DA:146,0
DA:147,0
DA:149,0
DA:152,0
DA:158,0
DA:164,0
DA:165,0
DA:166,0
DA:167,0
DA:170,0
DA:174,0
DA:180,0
DA:186,0
DA:187,0
DA:194,0
DA:195,0
DA:196,0
DA:201,0
DA:207,0
DA:213,0
DA:214,0
DA:215,0
DA:216,0
DA:218,0
DA:221,0
DA:227,0
DA:233,0
DA:234,0
DA:235,0
DA:236,0
DA:238,0
DA:244,0
DA:250,0
DA:251,0
DA:252,0
DA:256,0
DA:257,0
DA:259,0
DA:260,0
DA:263,0
DA:264,0
DA:270,0
DA:271,0
DA:281,0
DA:282,0
DA:292,0
DA:293,0
DA:298,0
DA:299,0
DA:305,0
DA:306,0
DA:309,0
DA:316,0
DA:325,0
DA:326,0
DA:329,0
DA:342,0
DA:343,0
DA:347,0
DA:352,0
DA:353,0
DA:357,0
DA:362,0
DA:366,0
DA:372,0
DA:373,0
DA:374,0
DA:376,0
DA:385,0
DA:386,0
DA:389,0
DA:401,0
DA:415,0
DA:423,0
DA:442,0
DA:452,0
DA:453,0
DA:455,0
DA:473,0
DA:488,0
DA:499,0
DA:502,0
DA:509,0
DA:518,0
DA:530,0
DA:531,0
DA:554,0
DA:558,0
DA:559,0
DA:560,0
DA:563,0
DA:569,0
DA:570,0
DA:574,0
DA:575,0
DA:589,0
DA:590,0
DA:593,0
DA:615,0
DA:624,0
DA:637,0
DA:653,0
DA:667,0
DA:706,0
LF:143
LH:0
BRDA:63,0,0,0
BRDA:66,1,0,0
BRDA:66,1,1,0
BRDA:126,2,0,0
BRDA:126,2,1,0
BRDA:146,3,0,0
BRDA:146,3,1,0
BRDA:166,4,0,0
BRDA:166,4,1,0
BRDA:170,5,0,0
BRDA:170,5,1,0
BRDA:195,6,0,0
BRDA:195,6,1,0
BRDA:215,7,0,0
BRDA:215,7,1,0
BRDA:235,8,0,0
BRDA:235,8,1,0
BRDA:252,9,0,0
BRDA:252,9,1,0
BRDA:259,10,0,0
BRDA:259,10,1,0
BRDA:263,11,0,0
BRDA:263,11,1,0
BRDA:268,12,0,0
BRDA:268,12,1,0
BRDA:268,13,0,0
BRDA:268,13,1,0
BRDA:270,14,0,0
BRDA:270,14,1,0
BRDA:272,15,0,0
BRDA:272,15,1,0
BRDA:279,16,0,0
BRDA:279,16,1,0
BRDA:279,17,0,0
BRDA:279,17,1,0
BRDA:281,18,0,0
BRDA:281,18,1,0
BRDA:283,19,0,0
BRDA:283,19,1,0
BRDA:292,20,0,0
BRDA:292,20,1,0
BRDA:292,21,0,0
BRDA:292,21,1,0
BRDA:296,22,0,0
BRDA:296,22,1,0
BRDA:296,23,0,0
BRDA:296,23,1,0
BRDA:305,24,0,0
BRDA:305,24,1,0
BRDA:308,25,0,0
BRDA:308,25,1,0
BRDA:325,26,0,0
BRDA:325,26,1,0
BRDA:328,27,0,0
BRDA:328,27,1,0
BRDA:342,28,0,0
BRDA:342,28,1,0
BRDA:346,29,0,0
BRDA:346,29,1,0
BRDA:352,30,0,0
BRDA:352,30,1,0
BRDA:356,31,0,0
BRDA:356,31,1,0
BRDA:364,32,0,0
BRDA:364,32,1,0
BRDA:365,33,0,0
BRDA:365,33,1,0
BRDA:386,34,0,0
BRDA:386,34,1,0
BRDA:452,35,0,0
BRDA:456,36,0,0
BRDA:456,36,1,0
BRDA:462,37,0,0
BRDA:462,37,1,0
BRDA:464,38,0,0
BRDA:464,38,1,0
BRDA:484,39,0,0
BRDA:484,39,1,0
BRDA:484,39,2,0
BRDA:554,40,0,0
BRDA:554,40,1,0
BRDA:559,41,0,0
BRDA:559,41,1,0
BRDA:565,42,0,0
BRDA:565,42,1,0
BRDA:636,43,0,0
BRDA:636,43,1,0
BRDA:645,44,0,0
BRDA:645,44,1,0
BRDA:659,45,0,0
BRDA:659,45,1,0
BRDA:673,46,0,0
BRDA:673,46,1,0
BRDA:673,46,2,0
BRDA:695,47,0,0
BRDA:695,47,1,0
BRF:96
BRH:0
end_of_record
TN:
SF:src\components\AppSidebar.tsx
FN:55,AppSidebar
FN:61,(anonymous_11)
FN:66,(anonymous_12)
FN:201,(anonymous_13)
FN:206,(anonymous_14)
FN:218,(anonymous_15)
FNF:6
FNH:0
FNDA:0,AppSidebar
FNDA:0,(anonymous_11)
FNDA:0,(anonymous_12)
FNDA:0,(anonymous_13)
FNDA:0,(anonymous_14)
FNDA:0,(anonymous_15)
DA:1,0
DA:2,0
DA:3,0
DA:26,0
DA:27,0
DA:28,0
DA:29,0
DA:30,0
DA:31,0
DA:33,0
DA:48,0
DA:55,0
DA:56,0
DA:57,0
DA:58,0
DA:59,0
DA:61,0
DA:62,0
DA:63,0
DA:66,0
DA:67,0
DA:68,0
DA:73,0
DA:180,0
DA:202,0
DA:207,0
DA:208,0
DA:218,0
LF:28
LH:0
BRDA:67,0,0,0
BRDA:67,0,1,0
BRDA:214,1,0,0
BRDA:214,1,1,0
BRDA:245,2,0,0
BRDA:245,2,1,0
BRDA:252,3,0,0
BRDA:252,3,1,0
BRDA:253,4,0,0
BRDA:253,4,1,0
BRF:10
BRH:0
end_of_record
TN:
SF:src\components\AppointmentDialog.tsx
FN:91,(anonymous_10)
FN:174,(anonymous_11)
FN:177,(anonymous_12)
FN:179,(anonymous_13)
FN:190,(anonymous_14)
FN:248,(anonymous_15)
FN:249,(anonymous_16)
FN:277,(anonymous_17)
FN:287,(anonymous_18)
FN:329,(anonymous_19)
FN:341,(anonymous_20)
FN:364,(anonymous_21)
FN:429,(anonymous_22)
FN:466,(anonymous_23)
FN:492,(anonymous_24)
FN:494,(anonymous_25)
FN:502,(anonymous_26)
FN:503,(anonymous_27)
FN:505,(anonymous_28)
FN:509,(anonymous_29)
FN:513,(anonymous_30)
FN:523,(anonymous_31)
FN:537,(anonymous_32)
FN:554,(anonymous_33)
FN:564,(anonymous_34)
FN:565,(anonymous_35)
FN:569,(anonymous_36)
FN:574,(anonymous_37)
FN:575,(anonymous_38)
FN:579,(anonymous_39)
FN:586,(anonymous_40)
FN:587,(anonymous_41)
FN:596,(anonymous_42)
FN:597,(anonymous_43)
FN:606,(anonymous_44)
FN:607,(anonymous_45)
FN:610,(anonymous_46)
FN:615,(anonymous_47)
FN:616,(anonymous_48)
FN:619,(anonymous_49)
FN:654,(anonymous_50)
FN:654,(anonymous_51)
FN:663,(anonymous_52)
FN:663,(anonymous_53)
FN:668,(anonymous_54)
FN:687,(anonymous_55)
FN:687,(anonymous_56)
FN:698,(anonymous_57)
FN:698,(anonymous_58)
FN:709,(anonymous_59)
FN:709,(anonymous_60)
FN:721,(anonymous_61)
FN:721,(anonymous_62)
FN:731,(anonymous_63)
FN:731,(anonymous_64)
FN:748,(anonymous_65)
FN:750,(anonymous_66)
FN:759,(anonymous_67)
FN:762,(anonymous_68)
FN:781,(anonymous_69)
FN:781,(anonymous_70)
FN:787,(anonymous_71)
FN:808,(anonymous_72)
FN:808,(anonymous_73)
FN:823,(anonymous_74)
FN:823,(anonymous_75)
FN:842,(anonymous_76)
FN:842,(anonymous_77)
FN:859,(anonymous_78)
FN:865,(anonymous_79)
FN:889,(anonymous_80)
FN:895,(anonymous_81)
FN:916,(anonymous_82)
FN:917,(anonymous_83)
FN:932,(anonymous_84)
FN:946,(anonymous_85)
FN:975,(anonymous_86)
FN:984,(anonymous_87)
FN:988,(anonymous_88)
FN:989,(anonymous_89)
FN:997,(anonymous_90)
FNF:81
FNH:43
FNDA:242,(anonymous_10)
FNDA:246,(anonymous_11)
FNDA:32,(anonymous_12)
FNDA:0,(anonymous_13)
FNDA:32,(anonymous_14)
FNDA:242,(anonymous_15)
FNDA:6,(anonymous_16)
FNDA:0,(anonymous_17)
FNDA:0,(anonymous_18)
FNDA:242,(anonymous_19)
FNDA:4,(anonymous_20)
FNDA:4,(anonymous_21)
FNDA:0,(anonymous_22)
FNDA:2,(anonymous_23)
FNDA:1,(anonymous_24)
FNDA:1,(anonymous_25)
FNDA:1,(anonymous_26)
FNDA:1,(anonymous_27)
FNDA:1,(anonymous_28)
FNDA:0,(anonymous_29)
FNDA:0,(anonymous_30)
FNDA:0,(anonymous_31)
FNDA:0,(anonymous_32)
FNDA:0,(anonymous_33)
FNDA:0,(anonymous_34)
FNDA:0,(anonymous_35)
FNDA:0,(anonymous_36)
FNDA:0,(anonymous_37)
FNDA:0,(anonymous_38)
FNDA:0,(anonymous_39)
FNDA:0,(anonymous_40)
FNDA:0,(anonymous_41)
FNDA:0,(anonymous_42)
FNDA:0,(anonymous_43)
FNDA:2,(anonymous_44)
FNDA:2,(anonymous_45)
FNDA:1,(anonymous_46)
FNDA:2,(anonymous_47)
FNDA:2,(anonymous_48)
FNDA:1,(anonymous_49)
FNDA:64,(anonymous_50)
FNDA:64,(anonymous_51)
FNDA:0,(anonymous_52)
FNDA:0,(anonymous_53)
FNDA:1452,(anonymous_54)
FNDA:2,(anonymous_55)
FNDA:2,(anonymous_56)
FNDA:4,(anonymous_57)
FNDA:4,(anonymous_58)
FNDA:4,(anonymous_59)
FNDA:4,(anonymous_60)
FNDA:12,(anonymous_61)
FNDA:12,(anonymous_62)
FNDA:15,(anonymous_63)
FNDA:15,(anonymous_64)
FNDA:37,(anonymous_65)
FNDA:38,(anonymous_66)
FNDA:4,(anonymous_67)
FNDA:1,(anonymous_68)
FNDA:0,(anonymous_69)
FNDA:0,(anonymous_70)
FNDA:246,(anonymous_71)
FNDA:0,(anonymous_72)
FNDA:0,(anonymous_73)
FNDA:0,(anonymous_74)
FNDA:0,(anonymous_75)
FNDA:0,(anonymous_76)
FNDA:0,(anonymous_77)
FNDA:486,(anonymous_78)
FNDA:2,(anonymous_79)
FNDA:486,(anonymous_80)
FNDA:2,(anonymous_81)
FNDA:0,(anonymous_82)
FNDA:0,(anonymous_83)
FNDA:0,(anonymous_84)
FNDA:0,(anonymous_85)
FNDA:0,(anonymous_86)
FNDA:0,(anonymous_87)
FNDA:0,(anonymous_88)
FNDA:0,(anonymous_89)
FNDA:0,(anonymous_90)
DA:1,1
DA:2,1
DA:3,1
DA:4,1
DA:5,1
DA:6,1
DA:7,1
DA:8,1
DA:12,1
DA:13,1
DA:14,1
DA:15,1
DA:18,1
DA:19,1
DA:20,1
DA:21,1
DA:22,1
DA:23,1
DA:24,1
DA:25,1
DA:26,1
DA:27,1
DA:91,1
DA:102,242
DA:128,242
DA:129,242
DA:130,242
DA:131,242
DA:132,242
DA:133,242
DA:139,242
DA:140,242
DA:141,242
DA:142,242
DA:145,242
DA:146,242
DA:147,242
DA:148,242
DA:151,242
DA:157,242
DA:163,242
DA:169,242
DA:170,242
DA:171,242
DA:174,246
DA:177,242
DA:178,32
DA:179,0
DA:190,242
DA:191,32
DA:192,2
DA:219,30
DA:248,242
DA:249,242
DA:250,6
DA:251,0
DA:257,0
DA:260,6
DA:262,6
DA:263,6
DA:272,6
DA:275,6
DA:277,0
DA:287,0
DA:291,0
DA:294,0
DA:304,0
DA:307,0
DA:309,6
DA:310,6
DA:313,6
DA:323,6
DA:328,242
DA:329,242
DA:332,242
DA:341,242
DA:342,4
DA:344,4
DA:345,4
DA:346,4
DA:347,4
DA:350,4
DA:351,1
DA:354,4
DA:357,4
DA:358,0
DA:361,4
DA:364,242
DA:365,4
DA:366,2
DA:369,2
DA:371,2
DA:374,2
DA:376,0
DA:381,0
DA:383,0
DA:389,0
DA:390,0
DA:394,2
DA:395,2
DA:397,2
DA:403,2
DA:404,0
DA:409,2
DA:410,2
DA:413,2
DA:415,0
DA:419,0
DA:421,0
DA:429,242
DA:430,0
DA:431,0
DA:434,0
DA:435,0
DA:437,0
DA:438,0
DA:442,0
DA:444,0
DA:445,0
DA:446,0
DA:450,0
DA:453,0
DA:454,0
DA:457,0
DA:458,0
DA:466,242
DA:467,2
DA:492,242
DA:493,1
DA:494,1
DA:498,1
DA:502,242
DA:503,1
DA:505,1
DA:509,242
DA:510,0
DA:511,0
DA:512,0
DA:513,0
DA:514,0
DA:516,0
DA:517,0
DA:519,0
DA:523,242
DA:524,0
DA:525,0
DA:527,0
DA:528,0
DA:529,0
DA:534,0
DA:537,0
DA:538,0
DA:539,0
DA:544,0
DA:547,0
DA:554,0
DA:561,0
DA:564,242
DA:565,0
DA:569,0
DA:574,242
DA:575,0
DA:580,0
DA:586,242
DA:587,0
DA:596,242
DA:597,0
DA:606,242
DA:607,2
DA:610,1
DA:615,242
DA:616,2
DA:619,1
DA:624,242
DA:654,64
DA:663,0
DA:669,1452
DA:687,2
DA:698,4
DA:709,4
DA:721,12
DA:731,15
DA:748,37
DA:750,38
DA:760,4
DA:762,1
DA:781,0
DA:788,246
DA:808,0
DA:823,0
DA:842,0
DA:860,486
DA:865,2
DA:890,486
DA:895,2
DA:917,0
DA:934,0
DA:944,0
DA:948,0
DA:958,0
DA:959,0
DA:975,0
DA:985,0
DA:989,0
DA:995,0
DA:997,0
DA:998,0
DA:1008,0
DA:1077,1
LF:209
LH:130
BRDA:95,0,0,0
BRDA:96,1,0,0
BRDA:97,2,0,0
BRDA:106,3,0,0
BRDA:106,3,1,242
BRDA:110,4,0,242
BRDA:110,4,1,240
BRDA:148,5,0,64
BRDA:169,6,0,240
BRDA:169,6,1,2
BRDA:170,7,0,240
BRDA:170,7,1,2
BRDA:171,8,0,240
BRDA:171,8,1,2
BRDA:178,9,0,0
BRDA:178,9,1,32
BRDA:178,10,0,32
BRDA:178,10,1,1
BRDA:182,11,0,0
BRDA:182,11,1,0
BRDA:183,12,0,0
BRDA:183,12,1,0
BRDA:184,13,0,0
BRDA:184,13,1,0
BRDA:191,14,0,2
BRDA:191,14,1,30
BRDA:207,15,0,2
BRDA:207,15,1,2
BRDA:208,16,0,2
BRDA:208,16,1,2
BRDA:209,17,0,2
BRDA:209,17,1,0
BRDA:223,18,0,0
BRDA:223,18,1,30
BRDA:227,19,0,30
BRDA:227,19,1,29
BRDA:250,20,0,0
BRDA:250,20,1,6
BRDA:250,21,0,6
BRDA:250,21,1,6
BRDA:250,21,2,6
BRDA:262,22,0,6
BRDA:262,22,1,0
BRDA:282,23,0,0
BRDA:282,23,1,0
BRDA:286,24,0,0
BRDA:286,24,1,0
BRDA:287,25,0,0
BRDA:287,25,1,0
BRDA:307,26,0,0
BRDA:307,26,1,0
BRDA:344,27,0,1
BRDA:344,27,1,3
BRDA:345,28,0,0
BRDA:345,28,1,4
BRDA:346,29,0,0
BRDA:346,29,1,4
BRDA:347,30,0,0
BRDA:347,30,1,4
BRDA:350,31,0,1
BRDA:350,31,1,3
BRDA:350,32,0,4
BRDA:350,32,1,4
BRDA:350,32,2,4
BRDA:357,33,0,0
BRDA:357,33,1,4
BRDA:365,34,0,2
BRDA:365,34,1,2
BRDA:374,35,0,0
BRDA:374,35,1,2
BRDA:389,36,0,0
BRDA:389,36,1,0
BRDA:389,37,0,0
BRDA:389,37,1,0
BRDA:403,38,0,0
BRDA:403,38,1,2
BRDA:403,39,0,2
BRDA:403,39,1,0
BRDA:417,40,0,0
BRDA:417,40,1,0
BRDA:430,41,0,0
BRDA:430,41,1,0
BRDA:430,42,0,0
BRDA:430,42,1,0
BRDA:435,43,0,0
BRDA:435,43,1,0
BRDA:435,43,2,0
BRDA:493,44,0,1
BRDA:493,44,1,0
BRDA:493,45,0,1
BRDA:493,45,1,1
BRDA:525,46,0,0
BRDA:525,46,1,0
BRDA:528,47,0,0
BRDA:528,47,1,0
BRDA:538,48,0,0
BRDA:538,48,1,0
BRDA:580,49,0,0
BRDA:580,49,1,0
BRDA:609,50,0,1
BRDA:609,50,1,1
BRDA:618,51,0,1
BRDA:618,51,1,1
BRDA:630,52,0,6
BRDA:630,52,1,236
BRDA:632,53,0,6
BRDA:632,53,1,236
BRDA:656,54,0,1
BRDA:656,54,1,241
BRDA:658,55,0,242
BRDA:658,55,1,1
BRDA:688,56,0,0
BRDA:688,56,1,242
BRDA:690,57,0,242
BRDA:690,57,1,0
BRDA:699,58,0,0
BRDA:699,58,1,242
BRDA:701,59,0,242
BRDA:701,59,1,0
BRDA:710,60,0,1
BRDA:710,60,1,241
BRDA:712,61,0,242
BRDA:712,61,1,1
BRDA:750,62,0,38
BRDA:750,62,1,1
BRDA:757,63,0,242
BRDA:757,63,1,4
BRDA:873,64,0,244
BRDA:873,64,1,242
BRDA:874,65,0,244
BRDA:874,65,1,242
BRDA:904,66,0,244
BRDA:904,66,1,242
BRDA:905,67,0,244
BRDA:905,67,1,242
BRDA:915,68,0,242
BRDA:915,68,1,2
BRDA:929,69,0,242
BRDA:929,69,1,0
BRDA:966,70,0,242
BRDA:966,70,1,0
BRDA:966,70,2,0
BRDA:1033,71,0,0
BRDA:1033,71,1,0
BRDA:1034,72,0,0
BRDA:1034,72,1,0
BRDA:1039,73,0,0
BRDA:1039,73,1,0
BRDA:1056,74,0,242
BRDA:1056,74,1,238
BRDA:1056,74,2,236
BRDA:1057,75,0,4
BRDA:1057,75,1,238
BRDA:1059,76,0,2
BRDA:1059,76,1,240
BRDA:1059,77,0,242
BRDA:1059,77,1,240
BRDA:1066,78,0,6
BRDA:1066,78,1,234
BRDA:1067,79,0,240
BRDA:1067,79,1,4
BRF:161
BRH:96
end_of_record
TN:
SF:src\components\AppointmentExportDialog.tsx
FN:30,(anonymous_9)
FN:41,(anonymous_10)
FN:73,(anonymous_11)
FN:81,(anonymous_12)
FN:90,(anonymous_13)
FN:103,(anonymous_14)
FN:104,(anonymous_15)
FN:164,(anonymous_16)
FN:176,(anonymous_17)
FN:198,(anonymous_18)
FN:203,(anonymous_19)
FN:227,(anonymous_20)
FN:248,(anonymous_21)
FNF:13
FNH:11
FNDA:45,(anonymous_9)
FNDA:36,(anonymous_10)
FNDA:4,(anonymous_11)
FNDA:4,(anonymous_12)
FNDA:0,(anonymous_13)
FNDA:45,(anonymous_14)
FNDA:50,(anonymous_15)
FNDA:81,(anonymous_16)
FNDA:81,(anonymous_17)
FNDA:0,(anonymous_18)
FNDA:135,(anonymous_19)
FNDA:135,(anonymous_20)
FNDA:86,(anonymous_21)
DA:1,1
DA:2,1
DA:3,1
DA:4,1
DA:5,1
DA:6,1
DA:7,1
DA:9,1
DA:20,1
DA:30,1
DA:37,45
DA:38,45
DA:39,45
DA:41,45
DA:42,36
DA:43,33
DA:44,33
DA:45,33
DA:49,45
DA:73,45
DA:74,4
DA:75,0
DA:78,4
DA:80,4
DA:81,4
DA:83,1
DA:90,1
DA:91,0
DA:92,0
DA:96,0
DA:97,0
DA:101,45
DA:103,45
DA:104,50
DA:105,45
DA:108,45
DA:110,45
DA:165,81
DA:177,81
DA:198,0
DA:204,135
DA:228,135
DA:249,86
DA:318,1
LF:44
LH:38
BRDA:34,0,0,0
BRDA:35,1,0,0
BRDA:42,2,0,33
BRDA:42,2,1,3
BRDA:74,3,0,0
BRDA:74,3,1,4
BRDA:105,4,0,45
BRDA:105,4,1,0
BRDA:139,5,0,45
BRDA:139,5,1,44
BRDA:158,6,0,45
BRDA:158,6,1,44
BRDA:241,7,0,45
BRDA:241,7,1,42
BRDA:262,8,0,42
BRDA:262,8,1,1
BRDA:273,9,0,45
BRDA:273,9,1,3
BRDA:297,10,0,45
BRDA:297,10,1,42
BRDA:300,11,0,8
BRDA:300,11,1,37
BRF:22
BRH:18
end_of_record
TN:
SF:src\components\AppointmentViewDialog.tsx
FN:40,(anonymous_9)
FN:55,(anonymous_10)
FN:63,(anonymous_11)
FN:79,(anonymous_12)
FN:82,(anonymous_13)
FN:91,(anonymous_14)
FN:102,(anonymous_15)
FN:114,(anonymous_16)
FN:124,(anonymous_17)
FN:134,(anonymous_18)
FN:238,(anonymous_19)
FN:260,(anonymous_20)
FN:273,(anonymous_21)
FN:332,(anonymous_22)
FN:357,(anonymous_23)
FN:361,(anonymous_24)
FN:365,(anonymous_25)
FNF:17
FNH:17
FNDA:57,(anonymous_9)
FNDA:56,(anonymous_10)
FNDA:1,(anonymous_11)
FNDA:5,(anonymous_12)
FNDA:5,(anonymous_13)
FNDA:112,(anonymous_14)
FNDA:56,(anonymous_15)
FNDA:56,(anonymous_16)
FNDA:56,(anonymous_17)
FNDA:56,(anonymous_18)
FNDA:96,(anonymous_19)
FNDA:94,(anonymous_20)
FNDA:94,(anonymous_21)
FNDA:1,(anonymous_22)
FNDA:3,(anonymous_23)
FNDA:1,(anonymous_24)
FNDA:1,(anonymous_25)
DA:1,1
DA:2,1
DA:3,1
DA:4,1
DA:5,1
DA:6,1
DA:8,1
DA:9,1
DA:10,1
DA:11,1
DA:13,1
DA:40,1
DA:47,57
DA:50,57
DA:51,57
DA:53,57
DA:55,56
DA:56,56
DA:57,56
DA:58,56
DA:59,56
DA:60,56
DA:63,56
DA:64,1
DA:65,0
DA:68,1
DA:69,1
DA:71,1
DA:72,1
DA:73,1
DA:75,0
DA:79,56
DA:80,5
DA:81,5
DA:82,5
DA:83,4
DA:85,1
DA:87,4
DA:91,56
DA:92,112
DA:93,84
DA:94,18
DA:95,2
DA:96,2
DA:97,2
DA:98,4
DA:102,56
DA:103,56
DA:104,42
DA:105,9
DA:106,1
DA:107,1
DA:108,1
DA:109,1
DA:110,1
DA:114,56
DA:115,56
DA:116,1
DA:117,47
DA:118,0
DA:119,8
DA:120,0
DA:124,56
DA:125,56
DA:126,1
DA:127,47
DA:128,0
DA:129,8
DA:130,0
DA:134,56
DA:135,56
DA:136,8
DA:137,47
DA:138,0
DA:139,0
DA:140,1
DA:141,0
DA:145,56
DA:239,96
DA:261,94
DA:274,94
DA:332,1
DA:357,3
DA:361,1
DA:365,1
DA:395,1
LF:86
LH:77
BRDA:53,0,0,1
BRDA:53,0,1,56
BRDA:64,1,0,0
BRDA:64,1,1,1
BRDA:92,2,0,84
BRDA:92,2,1,18
BRDA:92,2,2,2
BRDA:92,2,3,2
BRDA:92,2,4,2
BRDA:92,2,5,4
BRDA:103,3,0,42
BRDA:103,3,1,9
BRDA:103,3,2,1
BRDA:103,3,3,1
BRDA:103,3,4,1
BRDA:103,3,5,1
BRDA:103,3,6,1
BRDA:115,4,0,1
BRDA:115,4,1,47
BRDA:115,4,2,0
BRDA:115,4,3,8
BRDA:115,4,4,0
BRDA:125,5,0,1
BRDA:125,5,1,47
BRDA:125,5,2,0
BRDA:125,5,3,8
BRDA:125,5,4,0
BRDA:135,6,0,8
BRDA:135,6,1,47
BRDA:135,6,2,0
BRDA:135,6,3,0
BRDA:135,6,4,1
BRDA:135,6,5,0
BRDA:201,7,0,56
BRDA:201,7,1,8
BRDA:206,8,0,56
BRDA:206,8,1,48
BRDA:216,9,0,56
BRDA:216,9,1,56
BRDA:216,9,2,48
BRDA:231,10,0,56
BRDA:231,10,1,48
BRDA:250,11,0,56
BRDA:250,11,1,9
BRDA:250,11,2,48
BRDA:256,12,0,48
BRDA:256,12,1,47
BRDA:269,13,0,48
BRDA:269,13,1,47
BRDA:301,14,0,48
BRDA:301,14,1,8
BRDA:302,15,0,48
BRDA:302,15,1,8
BRDA:347,16,0,5
BRDA:347,16,1,51
BRDA:378,17,0,0
BRDA:378,17,1,56
BRDA:383,18,0,0
BRDA:383,18,1,56
BRF:59
BRH:49
end_of_record
TN:
SF:src\components\CalendarFilterBar.tsx
FN:43,(anonymous_10)
FN:64,(anonymous_11)
FN:69,(anonymous_12)
FN:74,(anonymous_13)
FN:81,(anonymous_14)
FN:86,(anonymous_15)
FN:114,(anonymous_16)
FN:122,(anonymous_17)
FN:136,(anonymous_18)
FN:157,(anonymous_19)
FN:214,(anonymous_20)
FN:223,(anonymous_21)
FN:234,(anonymous_22)
FN:283,(anonymous_23)
FNF:14
FNH:0
FNDA:0,(anonymous_10)
FNDA:0,(anonymous_11)
FNDA:0,(anonymous_12)
FNDA:0,(anonymous_13)
FNDA:0,(anonymous_14)
FNDA:0,(anonymous_15)
FNDA:0,(anonymous_16)
FNDA:0,(anonymous_17)
FNDA:0,(anonymous_18)
FNDA:0,(anonymous_19)
FNDA:0,(anonymous_20)
FNDA:0,(anonymous_21)
FNDA:0,(anonymous_22)
FNDA:0,(anonymous_23)
DA:1,0
DA:2,0
DA:3,0
DA:4,0
DA:6,0
DA:11,0
DA:21,0
DA:22,0
DA:23,0
DA:24,0
DA:25,0
DA:43,0
DA:49,0
DA:50,0
DA:53,0
DA:58,0
DA:64,0
DA:65,0
DA:69,0
DA:70,0
DA:74,0
DA:75,0
DA:76,0
DA:77,0
DA:81,0
DA:83,0
DA:86,0
DA:87,0
DA:91,0
DA:92,0
DA:96,0
DA:97,0
DA:100,0
DA:101,0
DA:105,0
DA:108,0
DA:110,0
DA:114,0
DA:116,0
DA:117,0
DA:118,0
DA:122,0
DA:123,0
DA:124,0
DA:126,0
DA:127,0
DA:136,0
DA:137,0
DA:138,0
DA:141,0
DA:157,0
DA:214,0
DA:224,0
DA:234,0
DA:283,0
DA:291,0
LF:56
LH:0
BRDA:47,0,0,0
BRDA:91,1,0,0
BRDA:91,1,1,0
BRDA:96,2,0,0
BRDA:96,2,1,0
BRDA:100,3,0,0
BRDA:100,3,1,0
BRDA:126,4,0,0
BRDA:126,4,1,0
BRDA:176,5,0,0
BRDA:176,5,1,0
BRDA:186,6,0,0
BRDA:186,6,1,0
BRDA:200,7,0,0
BRDA:200,7,1,0
BRDA:200,7,2,0
BRDA:207,8,0,0
BRDA:207,8,1,0
BRDA:243,9,0,0
BRDA:243,9,1,0
BRDA:245,10,0,0
BRDA:245,10,1,0
BRDA:250,11,0,0
BRDA:250,11,1,0
BRDA:261,12,0,0
BRDA:261,12,1,0
BRDA:265,13,0,0
BRDA:265,13,1,0
BRDA:272,14,0,0
BRDA:272,14,1,0
BRF:30
BRH:0
end_of_record
TN:
SF:src\components\CalendarInviteManager.tsx
FN:55,(anonymous_9)
FN:80,(anonymous_10)
FN:119,(anonymous_11)
FN:138,(anonymous_12)
FN:156,(anonymous_13)
FN:172,(anonymous_14)
FN:173,(anonymous_15)
FN:174,(anonymous_16)
FN:176,(anonymous_17)
FN:183,(anonymous_18)
FN:189,(anonymous_19)
FN:198,(anonymous_20)
FN:230,(anonymous_21)
FN:309,(anonymous_22)
FN:310,(anonymous_23)
FN:317,(anonymous_24)
FNF:16
FNH:0
FNDA:0,(anonymous_9)
FNDA:0,(anonymous_10)
FNDA:0,(anonymous_11)
FNDA:0,(anonymous_12)
FNDA:0,(anonymous_13)
FNDA:0,(anonymous_14)
FNDA:0,(anonymous_15)
FNDA:0,(anonymous_16)
FNDA:0,(anonymous_17)
FNDA:0,(anonymous_18)
FNDA:0,(anonymous_19)
FNDA:0,(anonymous_20)
FNDA:0,(anonymous_21)
FNDA:0,(anonymous_22)
FNDA:0,(anonymous_23)
FNDA:0,(anonymous_24)
DA:1,0
DA:2,0
DA:3,0
DA:4,0
DA:5,0
DA:6,0
DA:7,0
DA:8,0
DA:15,0
DA:23,0
DA:38,0
DA:40,0
DA:55,0
DA:62,0
DA:63,0
DA:64,0
DA:65,0
DA:66,0
DA:67,0
DA:68,0
DA:69,0
DA:75,0
DA:80,0
DA:81,0
DA:82,0
DA:83,0
DA:97,0
DA:103,0
DA:108,0
DA:109,0
DA:115,0
DA:119,0
DA:120,0
DA:122,0
DA:123,0
DA:124,0
DA:125,0
DA:126,0
DA:127,0
DA:128,0
DA:129,0
DA:130,0
DA:132,0
DA:138,0
DA:139,0
DA:141,0
DA:142,0
DA:143,0
DA:148,0
DA:156,0
DA:157,0
DA:159,0
DA:166,0
DA:172,0
DA:173,0
DA:174,0
DA:175,0
DA:176,0
DA:178,0
DA:183,0
DA:184,0
DA:185,0
DA:186,0
DA:189,0
DA:190,0
DA:191,0
DA:192,0
DA:193,0
DA:194,0
DA:198,0
DA:199,0
DA:200,0
DA:201,0
DA:202,0
DA:203,0
DA:207,0
DA:230,0
DA:310,0
DA:311,0
DA:317,0
DA:443,0
LF:81
LH:0
BRDA:57,0,0,0
BRDA:90,1,0,0
BRDA:90,1,1,0
BRDA:120,2,0,0
BRDA:120,2,1,0
BRDA:139,3,0,0
BRDA:139,3,1,0
BRDA:157,4,0,0
BRDA:157,4,1,0
BRDA:157,5,0,0
BRDA:157,5,1,0
BRDA:175,6,0,0
BRDA:175,6,1,0
BRDA:184,7,0,0
BRDA:184,7,1,0
BRDA:185,8,0,0
BRDA:185,8,1,0
BRDA:190,9,0,0
BRDA:190,9,1,0
BRDA:190,9,2,0
BRDA:190,9,3,0
BRDA:199,10,0,0
BRDA:199,10,1,0
BRDA:199,10,2,0
BRDA:199,10,3,0
BRDA:271,11,0,0
BRDA:271,11,1,0
BRDA:279,12,0,0
BRDA:279,12,1,0
BRDA:299,13,0,0
BRDA:299,13,1,0
BRDA:315,14,0,0
BRDA:315,14,1,0
BRDA:320,15,0,0
BRDA:320,15,1,0
BRDA:323,16,0,0
BRDA:323,16,1,0
BRDA:324,17,0,0
BRDA:324,17,1,0
BRDA:350,18,0,0
BRDA:350,18,1,0
BRDA:357,19,0,0
BRDA:357,19,1,0
BRDA:364,20,0,0
BRDA:364,20,1,0
BRDA:373,21,0,0
BRDA:373,21,1,0
BRDA:398,22,0,0
BRDA:398,22,1,0
BRDA:398,22,2,0
BRDA:416,23,0,0
BRDA:416,23,1,0
BRF:52
BRH:0
end_of_record
TN:
SF:src\components\ConflictVisualization.tsx
FN:26,(anonymous_1)
FN:32,(anonymous_2)
FN:42,(anonymous_3)
FN:51,(anonymous_4)
FN:60,(anonymous_5)
FN:92,(anonymous_6)
FN:146,(anonymous_7)
FN:195,(anonymous_8)
FNF:8
FNH:0
FNDA:0,(anonymous_1)
FNDA:0,(anonymous_2)
FNDA:0,(anonymous_3)
FNDA:0,(anonymous_4)
FNDA:0,(anonymous_5)
FNDA:0,(anonymous_6)
FNDA:0,(anonymous_7)
FNDA:0,(anonymous_8)
DA:1,0
DA:2,0
DA:4,0
DA:6,0
DA:26,0
DA:32,0
DA:33,0
DA:34,0
DA:35,0
DA:36,0
DA:37,0
DA:38,0
DA:42,0
DA:43,0
DA:44,0
DA:45,0
DA:46,0
DA:47,0
DA:51,0
DA:52,0
DA:53,0
DA:54,0
DA:55,0
DA:56,0
DA:60,0
DA:61,0
DA:64,0
DA:65,0
DA:80,0
DA:93,0
DA:147,0
DA:196,0
DA:255,0
LF:33
LH:0
BRDA:30,0,0,0
BRDA:33,1,0,0
BRDA:33,1,1,0
BRDA:33,1,2,0
BRDA:33,1,3,0
BRDA:33,1,4,0
BRDA:43,2,0,0
BRDA:43,2,1,0
BRDA:43,2,2,0
BRDA:43,2,3,0
BRDA:52,3,0,0
BRDA:52,3,1,0
BRDA:52,3,2,0
BRDA:52,3,3,0
BRDA:64,4,0,0
BRDA:64,4,1,0
BRDA:64,5,0,0
BRDA:64,5,1,0
BRDA:64,5,2,0
BRDA:83,6,0,0
BRDA:83,6,1,0
BRDA:113,7,0,0
BRDA:113,7,1,0
BRDA:119,8,0,0
BRDA:119,8,1,0
BRDA:137,9,0,0
BRDA:137,9,1,0
BRDA:168,10,0,0
BRDA:168,10,1,0
BRDA:185,11,0,0
BRDA:185,11,1,0
BRDA:207,12,0,0
BRDA:207,12,1,0
BRDA:207,12,2,0
BRDA:209,13,0,0
BRDA:209,13,1,0
BRDA:221,14,0,0
BRDA:221,14,1,0
BRDA:221,14,2,0
BRDA:237,15,0,0
BRDA:237,15,1,0
BRDA:241,16,0,0
BRDA:241,16,1,0
BRF:43
BRH:0
end_of_record
TN:
SF:src\components\DraggableAppointment.tsx
FN:40,(anonymous_9)
FN:55,(anonymous_10)
FN:84,(anonymous_11)
FN:101,(anonymous_12)
FN:129,(anonymous_13)
FN:134,(anonymous_14)
FN:145,(anonymous_15)
FN:150,(anonymous_16)
FNF:8
FNH:6
FNDA:13,(anonymous_9)
FNDA:1,(anonymous_10)
FNDA:0,(anonymous_11)
FNDA:0,(anonymous_12)
FNDA:26,(anonymous_13)
FNDA:13,(anonymous_14)
FNDA:1,(anonymous_15)
FNDA:1,(anonymous_16)
DA:3,1
DA:10,1
DA:11,1
DA:12,1
DA:21,1
DA:22,1
DA:40,1
DA:50,13
DA:51,13
DA:52,13
DA:55,13
DA:56,1
DA:58,1
DA:61,1
DA:62,1
DA:68,1
DA:71,0
DA:72,0
DA:76,0
DA:77,0
DA:80,0
DA:84,13
DA:85,0
DA:88,0
DA:89,0
DA:92,0
DA:93,0
DA:94,0
DA:95,0
DA:96,0
DA:97,0
DA:101,13
DA:102,0
DA:104,0
DA:107,0
DA:108,0
DA:111,0
DA:112,0
DA:113,0
DA:114,0
DA:115,0
DA:116,0
DA:117,0
DA:121,0
DA:124,0
DA:129,13
DA:130,26
DA:134,13
DA:135,13
DA:136,9
DA:137,1
DA:138,1
DA:139,1
DA:140,1
DA:145,13
DA:146,1
DA:150,13
DA:151,1
DA:154,13
DA:232,1
LF:60
LH:33
BRDA:47,0,0,12
BRDA:48,1,0,13
BRDA:56,2,0,0
BRDA:56,2,1,1
BRDA:71,3,0,0
BRDA:71,3,1,0
BRDA:85,4,0,0
BRDA:85,4,1,0
BRDA:85,5,0,0
BRDA:85,5,1,0
BRDA:102,6,0,0
BRDA:102,6,1,0
BRDA:111,7,0,0
BRDA:111,7,1,0
BRDA:121,8,0,0
BRDA:121,8,1,0
BRDA:135,9,0,9
BRDA:135,9,1,1
BRDA:135,9,2,1
BRDA:135,9,3,1
BRDA:135,9,4,1
BRDA:160,10,0,1
BRDA:160,10,1,12
BRDA:189,11,0,13
BRDA:189,11,1,13
BRDA:196,12,0,13
BRDA:196,12,1,13
BRDA:196,12,2,13
BRDA:225,13,0,13
BRDA:225,13,1,1
BRF:30
BRH:17
end_of_record
TN:
SF:src\components\DropZone.tsx
FN:30,(anonymous_9)
FN:47,(anonymous_10)
FN:69,(anonymous_11)
FN:92,(anonymous_12)
FN:108,(anonymous_13)
FNF:5
FNH:4
FNDA:14,(anonymous_9)
FNDA:4,(anonymous_10)
FNDA:1,(anonymous_11)
FNDA:1,(anonymous_12)
FNDA:0,(anonymous_13)
DA:3,1
DA:9,1
DA:10,1
DA:30,1
DA:42,14
DA:43,14
DA:44,14
DA:47,14
DA:48,4
DA:49,4
DA:52,4
DA:53,4
DA:54,4
DA:55,4
DA:56,4
DA:57,4
DA:59,4
DA:60,4
DA:64,0
DA:69,14
DA:70,1
DA:71,1
DA:73,1
DA:75,1
DA:76,1
DA:77,1
DA:78,1
DA:80,1
DA:81,1
DA:85,0
DA:88,1
DA:92,14
DA:94,1
DA:95,0
DA:98,1
DA:100,1
DA:101,1
DA:104,1
DA:108,14
DA:111,0
DA:114,14
DA:163,1
LF:42
LH:38
BRDA:37,0,0,13
BRDA:38,1,0,10
BRDA:40,2,0,13
BRDA:54,3,0,4
BRDA:54,3,1,0
BRDA:59,4,0,4
BRDA:59,4,1,0
BRDA:77,5,0,1
BRDA:77,5,1,0
BRDA:80,6,0,1
BRDA:80,6,1,0
BRDA:80,7,0,1
BRDA:80,7,1,1
BRDA:94,8,0,0
BRDA:94,8,1,1
BRDA:94,9,0,1
BRDA:94,9,1,1
BRDA:100,10,0,1
BRDA:100,10,1,0
BRDA:100,11,0,1
BRDA:100,11,1,1
BRDA:123,12,0,14
BRDA:123,12,1,4
BRDA:123,12,2,3
BRDA:124,13,0,14
BRDA:124,13,1,4
BRDA:124,13,2,1
BRDA:125,14,0,14
BRDA:125,14,1,1
BRDA:126,15,0,14
BRDA:126,15,1,1
BRDA:135,16,0,14
BRDA:135,16,1,1
BRDA:135,16,2,1
BRDA:141,17,0,14
BRDA:141,17,1,4
BRDA:145,18,0,3
BRDA:145,18,1,1
BRDA:153,19,0,12
BRDA:153,19,1,2
BRDA:154,20,0,1
BRDA:154,20,1,11
BRF:42
BRH:36
end_of_record
TN:
SF:src\components\EmailNotificationSettings.tsx
FN:62,(anonymous_9)
FN:76,(anonymous_10)
FN:90,(anonymous_11)
FN:95,(anonymous_12)
FN:104,(anonymous_13)
FN:119,(anonymous_14)
FN:136,(anonymous_15)
FN:148,(anonymous_16)
FN:160,(anonymous_17)
FN:163,(anonymous_18)
FN:167,(anonymous_19)
FN:170,(anonymous_20)
FN:174,(anonymous_21)
FN:224,(anonymous_22)
FN:282,(anonymous_23)
FN:296,(anonymous_24)
FN:310,(anonymous_25)
FN:324,(anonymous_26)
FN:338,(anonymous_27)
FN:360,(anonymous_28)
FN:378,(anonymous_29)
FN:383,(anonymous_30)
FN:396,(anonymous_31)
FN:401,(anonymous_32)
FN:432,(anonymous_33)
FN:449,(anonymous_34)
FN:470,(anonymous_35)
FN:485,(anonymous_36)
FN:511,(anonymous_37)
FN:530,(anonymous_38)
FN:555,(anonymous_39)
FN:586,(anonymous_40)
FN:608,(anonymous_41)
FNF:33
FNH:19
FNDA:124,(anonymous_9)
FNDA:21,(anonymous_10)
FNDA:21,(anonymous_11)
FNDA:21,(anonymous_12)
FNDA:3,(anonymous_13)
FNDA:3,(anonymous_14)
FNDA:1,(anonymous_15)
FNDA:1,(anonymous_16)
FNDA:1,(anonymous_17)
FNDA:5,(anonymous_18)
FNDA:0,(anonymous_19)
FNDA:0,(anonymous_20)
FNDA:910,(anonymous_21)
FNDA:4,(anonymous_22)
FNDA:1,(anonymous_23)
FNDA:0,(anonymous_24)
FNDA:0,(anonymous_25)
FNDA:0,(anonymous_26)
FNDA:0,(anonymous_27)
FNDA:0,(anonymous_28)
FNDA:304,(anonymous_29)
FNDA:0,(anonymous_30)
FNDA:606,(anonymous_31)
FNDA:1,(anonymous_32)
FNDA:1,(anonymous_33)
FNDA:0,(anonymous_34)
FNDA:0,(anonymous_35)
FNDA:0,(anonymous_36)
FNDA:0,(anonymous_37)
FNDA:0,(anonymous_38)
FNDA:21,(anonymous_39)
FNDA:45,(anonymous_40)
FNDA:0,(anonymous_41)
DA:1,1
DA:2,1
DA:3,1
DA:4,1
DA:5,1
DA:6,1
DA:7,1
DA:8,1
DA:9,1
DA:10,1
DA:17,1
DA:31,1
DA:53,1
DA:62,1
DA:67,124
DA:68,124
DA:69,124
DA:70,124
DA:71,124
DA:72,124
DA:73,124
DA:74,124
DA:76,124
DA:77,21
DA:78,21
DA:79,21
DA:80,21
DA:81,20
DA:83,1
DA:84,1
DA:86,21
DA:90,124
DA:91,21
DA:92,21
DA:95,124
DA:96,21
DA:97,21
DA:98,21
DA:100,0
DA:104,124
DA:105,3
DA:107,3
DA:108,3
DA:109,3
DA:110,2
DA:111,2
DA:113,1
DA:115,3
DA:119,124
DA:120,3
DA:122,3
DA:123,3
DA:124,3
DA:125,1
DA:126,1
DA:130,2
DA:132,0
DA:136,124
DA:137,1
DA:139,1
DA:148,124
DA:149,1
DA:151,1
DA:160,124
DA:161,1
DA:163,5
DA:164,1
DA:167,124
DA:168,0
DA:170,0
DA:171,0
DA:174,124
DA:175,910
DA:176,607
DA:177,304
DA:180,124
DA:181,22
DA:189,102
DA:190,1
DA:205,101
DA:206,0
DA:214,101
DA:224,4
DA:282,1
DA:296,0
DA:310,0
DA:324,0
DA:338,0
DA:360,0
DA:379,304
DA:383,0
DA:397,606
DA:401,1
DA:432,1
DA:449,0
DA:470,0
DA:485,0
DA:511,0
DA:530,0
DA:555,21
DA:586,45
DA:609,0
DA:610,0
DA:611,0
DA:625,1
LF:105
LH:85
BRDA:65,0,0,124
BRDA:105,1,0,0
BRDA:105,1,1,3
BRDA:120,2,0,0
BRDA:120,2,1,3
BRDA:124,3,0,1
BRDA:124,3,1,2
BRDA:137,4,0,0
BRDA:137,4,1,1
BRDA:149,5,0,0
BRDA:149,5,1,1
BRDA:161,6,0,0
BRDA:161,6,1,1
BRDA:161,7,0,1
BRDA:161,7,1,1
BRDA:168,8,0,0
BRDA:168,8,1,0
BRDA:175,9,0,303
BRDA:175,9,1,607
BRDA:176,10,0,303
BRDA:176,10,1,304
BRDA:180,11,0,22
BRDA:180,11,1,102
BRDA:189,12,0,1
BRDA:189,12,1,101
BRDA:205,13,0,0
BRDA:205,13,1,101
BRDA:235,14,0,3
BRDA:235,14,1,98
BRDA:367,15,0,101
BRDA:367,15,1,101
BRDA:374,16,0,0
BRDA:374,16,1,101
BRDA:440,17,0,101
BRDA:440,17,1,100
BRDA:591,18,0,101
BRDA:591,18,1,3
BRDA:593,19,0,2
BRDA:593,19,1,1
BRDA:597,20,0,2
BRDA:597,20,1,1
BRF:41
BRH:32
end_of_record
TN:
SF:src\components\EmailSystemSettings.tsx
FN:54,(anonymous_9)
FN:64,(anonymous_10)
FN:68,(anonymous_11)
FN:80,(anonymous_12)
FN:95,(anonymous_13)
FN:101,(anonymous_14)
FN:110,(anonymous_15)
FN:122,(anonymous_16)
FN:134,(anonymous_17)
FN:146,(anonymous_18)
FN:158,(anonymous_19)
FN:170,(anonymous_20)
FN:179,(anonymous_21)
FN:189,(anonymous_22)
FN:199,(anonymous_23)
FN:207,(anonymous_24)
FN:222,(anonymous_25)
FN:238,(anonymous_26)
FN:246,(anonymous_27)
FN:355,(anonymous_28)
FN:367,(anonymous_29)
FN:393,(anonymous_30)
FN:401,(anonymous_31)
FN:412,(anonymous_32)
FN:439,(anonymous_33)
FN:450,(anonymous_34)
FN:462,(anonymous_35)
FN:463,(anonymous_36)
FN:491,(anonymous_37)
FN:501,(anonymous_38)
FN:511,(anonymous_39)
FN:529,(anonymous_40)
FN:540,(anonymous_41)
FN:553,(anonymous_42)
FN:563,(anonymous_43)
FN:589,(anonymous_44)
FN:600,(anonymous_45)
FN:612,(anonymous_46)
FN:622,(anonymous_47)
FNF:39
FNH:0
FNDA:0,(anonymous_9)
FNDA:0,(anonymous_10)
FNDA:0,(anonymous_11)
FNDA:0,(anonymous_12)
FNDA:0,(anonymous_13)
FNDA:0,(anonymous_14)
FNDA:0,(anonymous_15)
FNDA:0,(anonymous_16)
FNDA:0,(anonymous_17)
FNDA:0,(anonymous_18)
FNDA:0,(anonymous_19)
FNDA:0,(anonymous_20)
FNDA:0,(anonymous_21)
FNDA:0,(anonymous_22)
FNDA:0,(anonymous_23)
FNDA:0,(anonymous_24)
FNDA:0,(anonymous_25)
FNDA:0,(anonymous_26)
FNDA:0,(anonymous_27)
FNDA:0,(anonymous_28)
FNDA:0,(anonymous_29)
FNDA:0,(anonymous_30)
FNDA:0,(anonymous_31)
FNDA:0,(anonymous_32)
FNDA:0,(anonymous_33)
FNDA:0,(anonymous_34)
FNDA:0,(anonymous_35)
FNDA:0,(anonymous_36)
FNDA:0,(anonymous_37)
FNDA:0,(anonymous_38)
FNDA:0,(anonymous_39)
FNDA:0,(anonymous_40)
FNDA:0,(anonymous_41)
FNDA:0,(anonymous_42)
FNDA:0,(anonymous_43)
FNDA:0,(anonymous_44)
FNDA:0,(anonymous_45)
FNDA:0,(anonymous_46)
FNDA:0,(anonymous_47)
DA:1,0
DA:2,0
DA:3,0
DA:4,0
DA:5,0
DA:6,0
DA:7,0
DA:8,0
DA:9,0
DA:10,0
DA:28,0
DA:48,0
DA:54,0
DA:57,0
DA:58,0
DA:59,0
DA:60,0
DA:61,0
DA:62,0
DA:64,0
DA:65,0
DA:68,0
DA:69,0
DA:70,0
DA:71,0
DA:72,0
DA:74,0
DA:76,0
DA:80,0
DA:81,0
DA:83,0
DA:84,0
DA:85,0
DA:86,0
DA:88,0
DA:89,0
DA:91,0
DA:95,0
DA:96,0
DA:98,0
DA:99,0
DA:101,0
DA:102,0
DA:104,0
DA:106,0
DA:110,0
DA:111,0
DA:113,0
DA:122,0
DA:123,0
DA:125,0
DA:134,0
DA:135,0
DA:137,0
DA:146,0
DA:147,0
DA:149,0
DA:158,0
DA:159,0
DA:161,0
DA:163,0
DA:170,0
DA:179,0
DA:189,0
DA:199,0
DA:207,0
DA:222,0
DA:231,0
DA:238,0
DA:246,0
DA:255,0
DA:259,0
DA:260,0
DA:268,0
DA:355,0
DA:367,0
DA:393,0
DA:401,0
DA:412,0
DA:439,0
DA:450,0
DA:462,0
DA:463,0
DA:491,0
DA:501,0
DA:511,0
DA:529,0
DA:540,0
DA:553,0
DA:563,0
DA:589,0
DA:600,0
DA:612,0
DA:622,0
DA:658,0
LF:95
LH:0
BRDA:55,0,0,0
BRDA:81,1,0,0
BRDA:81,1,1,0
BRDA:96,2,0,0
BRDA:96,2,1,0
BRDA:111,3,0,0
BRDA:111,3,1,0
BRDA:123,4,0,0
BRDA:123,4,1,0
BRDA:135,5,0,0
BRDA:135,5,1,0
BRDA:147,6,0,0
BRDA:147,6,1,0
BRDA:161,7,0,0
BRDA:161,7,1,0
BRDA:161,7,2,0
BRDA:161,7,3,0
BRDA:161,7,4,0
BRDA:169,8,0,0
BRDA:169,8,1,0
BRDA:178,9,0,0
BRDA:178,9,1,0
BRDA:188,10,0,0
BRDA:188,10,1,0
BRDA:197,11,0,0
BRDA:197,11,1,0
BRDA:198,12,0,0
BRDA:198,12,1,0
BRDA:209,13,0,0
BRDA:209,13,1,0
BRDA:221,14,0,0
BRDA:221,14,1,0
BRDA:236,15,0,0
BRDA:236,15,1,0
BRDA:237,16,0,0
BRDA:237,16,1,0
BRDA:248,17,0,0
BRDA:248,17,1,0
BRDA:259,18,0,0
BRDA:259,18,1,0
BRDA:259,19,0,0
BRDA:259,19,1,0
BRDA:279,20,0,0
BRDA:279,20,1,0
BRDA:282,21,0,0
BRDA:282,21,1,0
BRDA:294,22,0,0
BRDA:294,22,1,0
BRDA:304,23,0,0
BRDA:304,23,1,0
BRDA:306,24,0,0
BRDA:306,24,1,0
BRDA:310,25,0,0
BRDA:310,25,1,0
BRDA:359,26,0,0
BRDA:359,26,1,0
BRDA:411,27,0,0
BRDA:411,27,1,0
BRDA:461,28,0,0
BRDA:461,28,1,0
BRDA:611,29,0,0
BRDA:611,29,1,0
BRF:62
BRH:0
end_of_record
TN:
SF:src\components\ErrorBoundary.tsx
FN:25,(anonymous_9)
FN:48,(anonymous_10)
FN:52,(anonymous_11)
FN:56,(anonymous_12)
FN:30,(anonymous_13)
FN:38,(anonymous_14)
FN:60,(anonymous_15)
FN:126,(anonymous_16)
FN:145,withErrorBoundary
FN:149,WrappedComponent
FNF:10
FNH:10
FNDA:41,(anonymous_9)
FNDA:2,(anonymous_10)
FNDA:1,(anonymous_11)
FNDA:1,(anonymous_12)
FNDA:40,(anonymous_13)
FNDA:20,(anonymous_14)
FNDA:89,(anonymous_15)
FNDA:1,(anonymous_16)
FNDA:4,withErrorBoundary
FNDA:8,WrappedComponent
DA:1,1
DA:2,1
DA:3,1
DA:4,1
DA:5,1
DA:6,1
DA:24,1
DA:26,41
DA:27,40
DA:31,40
DA:40,20
DA:43,20
DA:45,20
DA:48,40
DA:49,2
DA:52,40
DA:53,1
DA:56,40
DA:57,1
DA:61,89
DA:62,43
DA:63,4
DA:66,39
DA:126,1
DA:138,46
DA:145,1
DA:149,4
DA:150,8
DA:158,1
LF:29
LH:29
BRDA:61,0,0,43
BRDA:61,0,1,46
BRDA:62,1,0,4
BRDA:62,1,1,39
BRDA:82,2,0,39
BRDA:82,2,1,39
BRF:6
BRH:6
end_of_record
TN:
SF:src\components\ErrorToast.tsx
FN:39,useToast
FN:52,ToastProvider
FN:55,(anonymous_11)
FN:59,(anonymous_12)
FN:60,(anonymous_13)
FN:60,(anonymous_14)
FN:63,(anonymous_15)
FN:71,(anonymous_16)
FN:78,(anonymous_17)
FN:84,(anonymous_18)
FN:91,(anonymous_19)
FN:94,(anonymous_20)
FN:103,(anonymous_21)
FN:106,(anonymous_22)
FN:124,(anonymous_23)
FN:133,(anonymous_24)
FN:142,(anonymous_25)
FN:151,(anonymous_26)
FN:179,ToastContainer
FN:182,(anonymous_28)
FN:194,ToastItem
FN:195,(anonymous_30)
FN:210,(anonymous_31)
FN:246,(anonymous_32)
FN:255,(anonymous_33)
FN:275,getErrorTitle
FN:299,useAppointmentErrorHandler
FN:302,(anonymous_36)
FN:310,(anonymous_37)
FN:320,(anonymous_38)
FN:330,(anonymous_39)
FN:335,(anonymous_40)
FN:340,(anonymous_41)
FN:345,(anonymous_42)
FN:354,(anonymous_43)
FN:361,(anonymous_44)
FN:368,(anonymous_45)
FN:375,(anonymous_46)
FN:382,(anonymous_47)
FNF:39
FNH:13
FNDA:57,useToast
FNDA:48,ToastProvider
FNDA:1,(anonymous_11)
FNDA:0,(anonymous_12)
FNDA:0,(anonymous_13)
FNDA:0,(anonymous_14)
FNDA:1,(anonymous_15)
FNDA:1,(anonymous_16)
FNDA:0,(anonymous_17)
FNDA:0,(anonymous_18)
FNDA:0,(anonymous_19)
FNDA:0,(anonymous_20)
FNDA:0,(anonymous_21)
FNDA:0,(anonymous_22)
FNDA:1,(anonymous_23)
FNDA:0,(anonymous_24)
FNDA:0,(anonymous_25)
FNDA:0,(anonymous_26)
FNDA:48,ToastContainer
FNDA:1,(anonymous_28)
FNDA:1,ToastItem
FNDA:1,(anonymous_30)
FNDA:1,(anonymous_31)
FNDA:0,(anonymous_32)
FNDA:0,(anonymous_33)
FNDA:0,getErrorTitle
FNDA:57,useAppointmentErrorHandler
FNDA:0,(anonymous_36)
FNDA:0,(anonymous_37)
FNDA:0,(anonymous_38)
FNDA:0,(anonymous_39)
FNDA:0,(anonymous_40)
FNDA:0,(anonymous_41)
FNDA:0,(anonymous_42)
FNDA:0,(anonymous_43)
FNDA:0,(anonymous_44)
FNDA:1,(anonymous_45)
FNDA:0,(anonymous_46)
FNDA:0,(anonymous_47)
DA:1,1
DA:2,1
DA:3,1
DA:4,1
DA:5,1
DA:37,1
DA:39,1
DA:40,57
DA:41,57
DA:42,0
DA:44,57
DA:52,1
DA:53,48
DA:55,48
DA:56,1
DA:59,48
DA:60,0
DA:63,48
DA:64,1
DA:65,1
DA:71,1
DA:72,1
DA:73,1
DA:77,1
DA:78,1
DA:81,1
DA:84,48
DA:85,0
DA:88,0
DA:91,0
DA:92,0
DA:96,0
DA:103,0
DA:104,0
DA:107,0
DA:114,0
DA:124,48
DA:125,1
DA:133,48
DA:134,0
DA:142,48
DA:143,0
DA:151,48
DA:152,0
DA:155,48
DA:166,48
DA:180,48
DA:183,1
DA:195,1
DA:196,1
DA:198,0
DA:200,1
DA:202,0
DA:204,0
DA:206,0
DA:210,1
DA:211,1
DA:212,1
DA:214,0
DA:216,1
DA:218,0
DA:220,0
DA:222,0
DA:226,1
DA:246,0
DA:256,0
DA:276,0
DA:278,0
DA:280,0
DA:282,0
DA:284,0
DA:286,0
DA:288,0
DA:290,0
DA:292,0
DA:299,1
DA:300,57
DA:302,57
DA:303,0
DA:305,0
DA:307,0
DA:308,0
DA:312,0
DA:317,0
DA:318,0
DA:322,0
DA:327,0
DA:330,57
DA:331,0
DA:332,0
DA:335,57
DA:336,0
DA:337,0
DA:340,57
DA:341,0
DA:343,0
DA:347,0
DA:351,0
DA:354,57
DA:355,0
DA:361,57
DA:362,0
DA:368,57
DA:369,1
DA:375,57
DA:376,0
DA:382,57
DA:383,0
DA:384,0
DA:389,0
DA:396,57
DA:409,1
LF:112
LH:56
BRDA:41,0,0,0
BRDA:41,0,1,57
BRDA:52,1,0,48
BRDA:68,2,0,1
BRDA:68,2,1,0
BRDA:77,3,0,1
BRDA:77,3,1,0
BRDA:77,4,0,1
BRDA:77,4,1,1
BRDA:85,5,0,0
BRDA:85,5,1,0
BRDA:91,6,0,0
BRDA:91,6,1,0
BRDA:91,7,0,0
BRDA:91,7,1,0
BRDA:103,8,0,0
BRDA:103,8,1,0
BRDA:103,9,0,0
BRDA:103,9,1,0
BRDA:196,10,0,0
BRDA:196,10,1,1
BRDA:196,10,2,0
BRDA:196,10,3,0
BRDA:196,10,4,0
BRDA:212,11,0,0
BRDA:212,11,1,1
BRDA:212,11,2,0
BRDA:212,11,3,0
BRDA:212,11,4,0
BRDA:253,12,0,1
BRDA:253,12,1,0
BRDA:253,12,2,0
BRDA:258,13,0,0
BRDA:258,13,1,0
BRDA:276,14,0,0
BRDA:276,14,1,0
BRDA:276,14,2,0
BRDA:276,14,3,0
BRDA:276,14,4,0
BRDA:276,14,5,0
BRDA:276,14,6,0
BRDA:276,14,7,0
BRDA:307,15,0,0
BRDA:307,15,1,0
BRDA:317,16,0,0
BRDA:317,16,1,0
BRDA:383,17,0,0
BRDA:383,17,1,0
BRF:48
BRH:9
end_of_record
TN:
SF:src\components\FilterPresetManager.tsx
FN:68,(anonymous_9)
FN:89,(anonymous_10)
FN:93,(anonymous_11)
FN:105,(anonymous_12)
FN:115,(anonymous_13)
FN:120,(anonymous_14)
FN:151,(anonymous_15)
FN:163,(anonymous_16)
FN:182,(anonymous_17)
FN:194,(anonymous_18)
FN:195,(anonymous_19)
FN:200,(anonymous_20)
FN:215,(anonymous_21)
FN:223,(anonymous_22)
FN:230,(anonymous_23)
FN:235,(anonymous_24)
FN:262,(anonymous_25)
FN:267,(anonymous_26)
FN:274,(anonymous_27)
FN:301,(anonymous_28)
FN:302,(anonymous_29)
FN:307,(anonymous_30)
FN:345,(anonymous_31)
FN:369,(anonymous_32)
FN:373,(anonymous_33)
FN:415,(anonymous_34)
FN:428,(anonymous_35)
FN:432,(anonymous_36)
FN:438,(anonymous_37)
FN:459,(anonymous_38)
FN:475,(anonymous_39)
FN:475,(anonymous_40)
FN:485,(anonymous_41)
FN:485,(anonymous_42)
FN:496,(anonymous_43)
FN:496,(anonymous_44)
FN:505,(anonymous_45)
FN:505,(anonymous_46)
FN:528,(anonymous_47)
FNF:39
FNH:0
FNDA:0,(anonymous_9)
FNDA:0,(anonymous_10)
FNDA:0,(anonymous_11)
FNDA:0,(anonymous_12)
FNDA:0,(anonymous_13)
FNDA:0,(anonymous_14)
FNDA:0,(anonymous_15)
FNDA:0,(anonymous_16)
FNDA:0,(anonymous_17)
FNDA:0,(anonymous_18)
FNDA:0,(anonymous_19)
FNDA:0,(anonymous_20)
FNDA:0,(anonymous_21)
FNDA:0,(anonymous_22)
FNDA:0,(anonymous_23)
FNDA:0,(anonymous_24)
FNDA:0,(anonymous_25)
FNDA:0,(anonymous_26)
FNDA:0,(anonymous_27)
FNDA:0,(anonymous_28)
FNDA:0,(anonymous_29)
FNDA:0,(anonymous_30)
FNDA:0,(anonymous_31)
FNDA:0,(anonymous_32)
FNDA:0,(anonymous_33)
FNDA:0,(anonymous_34)
FNDA:0,(anonymous_35)
FNDA:0,(anonymous_36)
FNDA:0,(anonymous_37)
FNDA:0,(anonymous_38)
FNDA:0,(anonymous_39)
FNDA:0,(anonymous_40)
FNDA:0,(anonymous_41)
FNDA:0,(anonymous_42)
FNDA:0,(anonymous_43)
FNDA:0,(anonymous_44)
FNDA:0,(anonymous_45)
FNDA:0,(anonymous_46)
FNDA:0,(anonymous_47)
DA:1,0
DA:2,0
DA:3,0
DA:4,0
DA:5,0
DA:6,0
DA:7,0
DA:8,0
DA:9,0
DA:10,0
DA:24,0
DA:31,0
DA:47,0
DA:68,0
DA:77,0
DA:78,0
DA:79,0
DA:80,0
DA:81,0
DA:89,0
DA:90,0
DA:93,0
DA:94,0
DA:95,0
DA:96,0
DA:97,0
DA:98,0
DA:101,0
DA:105,0
DA:106,0
DA:107,0
DA:108,0
DA:110,0
DA:115,0
DA:116,0
DA:120,0
DA:121,0
DA:122,0
DA:125,0
DA:140,0
DA:141,0
DA:147,0
DA:151,0
DA:152,0
DA:153,0
DA:156,0
DA:163,0
DA:166,0
DA:168,0
DA:169,0
DA:172,0
DA:175,0
DA:176,0
DA:177,0
DA:178,0
DA:182,0
DA:183,0
DA:184,0
DA:190,0
DA:194,0
DA:195,0
DA:196,0
DA:200,0
DA:201,0
DA:210,0
DA:211,0
DA:215,0
DA:217,0
DA:223,0
DA:224,0
DA:226,0
DA:230,0
DA:231,0
DA:235,0
DA:236,0
DA:247,0
DA:251,0
DA:252,0
DA:253,0
DA:254,0
DA:255,0
DA:256,0
DA:257,0
DA:258,0
DA:262,0
DA:263,0
DA:264,0
DA:266,0
DA:267,0
DA:268,0
DA:269,0
DA:270,0
DA:272,0
DA:274,0
DA:281,0
DA:282,0
DA:285,0
DA:288,0
DA:291,0
DA:294,0
DA:301,0
DA:303,0
DA:307,0
DA:345,0
DA:370,0
DA:371,0
DA:374,0
DA:415,0
DA:428,0
DA:432,0
DA:438,0
DA:459,0
DA:475,0
DA:485,0
DA:496,0
DA:505,0
DA:528,0
DA:545,0
LF:118
LH:0
BRDA:75,0,0,0
BRDA:96,1,0,0
BRDA:96,1,1,0
BRDA:121,2,0,0
BRDA:121,2,1,0
BRDA:152,3,0,0
BRDA:152,3,1,0
BRDA:152,4,0,0
BRDA:152,4,1,0
BRDA:166,5,0,0
BRDA:166,5,1,0
BRDA:223,6,0,0
BRDA:223,6,1,0
BRDA:264,7,0,0
BRDA:264,7,1,0
BRDA:272,8,0,0
BRDA:272,8,1,0
BRDA:308,9,0,0
BRDA:308,9,1,0
BRDA:310,10,0,0
BRDA:310,10,1,0
BRDA:362,11,0,0
BRDA:362,11,1,0
BRDA:370,12,0,0
BRDA:370,12,1,0
BRDA:370,13,0,0
BRDA:370,13,1,0
BRDA:371,14,0,0
BRDA:371,14,1,0
BRDA:371,15,0,0
BRDA:371,15,1,0
BRDA:379,16,0,0
BRDA:379,16,1,0
BRDA:385,17,0,0
BRDA:385,17,1,0
BRDA:391,18,0,0
BRDA:391,18,1,0
BRDA:396,19,0,0
BRDA:396,19,1,0
BRDA:402,20,0,0
BRDA:402,20,1,0
BRDA:459,21,0,0
BRDA:459,21,1,0
BRDA:459,22,0,0
BRDA:459,22,1,0
BRDA:474,23,0,0
BRDA:474,23,1,0
BRDA:484,24,0,0
BRDA:484,24,1,0
BRDA:495,25,0,0
BRDA:495,25,1,0
BRDA:504,26,0,0
BRDA:504,26,1,0
BRDA:511,27,0,0
BRDA:511,27,1,0
BRDA:516,28,0,0
BRDA:516,28,1,0
BRDA:519,29,0,0
BRDA:519,29,1,0
BRF:59
BRH:0
end_of_record
TN:
SF:src\components\GlobalShortcutListener.tsx
FN:7,GlobalShortcutListener
FN:12,(anonymous_1)
FN:14,(anonymous_2)
FN:25,(anonymous_3)
FN:35,(anonymous_4)
FN:44,(anonymous_5)
FN:53,(anonymous_6)
FN:63,(anonymous_7)
FN:73,(anonymous_8)
FN:83,(anonymous_9)
FN:93,(anonymous_10)
FN:103,(anonymous_11)
FN:112,(anonymous_12)
FN:121,(anonymous_13)
FN:130,(anonymous_14)
FN:156,(anonymous_15)
FN:170,(anonymous_16)
FN:172,(anonymous_17)
FN:176,(anonymous_18)
FN:177,(anonymous_19)
FN:181,(anonymous_20)
FN:183,(anonymous_21)
FNF:22
FNH:0
FNDA:0,GlobalShortcutListener
FNDA:0,(anonymous_1)
FNDA:0,(anonymous_2)
FNDA:0,(anonymous_3)
FNDA:0,(anonymous_4)
FNDA:0,(anonymous_5)
FNDA:0,(anonymous_6)
FNDA:0,(anonymous_7)
FNDA:0,(anonymous_8)
FNDA:0,(anonymous_9)
FNDA:0,(anonymous_10)
FNDA:0,(anonymous_11)
FNDA:0,(anonymous_12)
FNDA:0,(anonymous_13)
FNDA:0,(anonymous_14)
FNDA:0,(anonymous_15)
FNDA:0,(anonymous_16)
FNDA:0,(anonymous_17)
FNDA:0,(anonymous_18)
FNDA:0,(anonymous_19)
FNDA:0,(anonymous_20)
FNDA:0,(anonymous_21)
DA:1,0
DA:2,0
DA:3,0
DA:4,0
DA:7,0
DA:8,0
DA:9,0
DA:10,0
DA:12,0
DA:14,0
DA:15,0
DA:16,0
DA:17,0
DA:25,0
DA:26,0
DA:27,0
DA:35,0
DA:36,0
DA:44,0
DA:45,0
DA:46,0
DA:53,0
DA:54,0
DA:55,0
DA:63,0
DA:64,0
DA:65,0
DA:73,0
DA:74,0
DA:75,0
DA:83,0
DA:84,0
DA:85,0
DA:93,0
DA:94,0
DA:103,0
DA:104,0
DA:112,0
DA:113,0
DA:121,0
DA:122,0
DA:130,0
DA:131,0
DA:140,0
DA:156,0
DA:157,0
DA:161,0
DA:170,0
DA:171,0
DA:172,0
DA:176,0
DA:177,0
DA:178,0
DA:181,0
DA:182,0
DA:183,0
DA:189,0
DA:192,0
LF:58
LH:0
BRF:0
BRH:0
end_of_record
TN:
SF:src\components\HelpButton.tsx
FN:120,(anonymous_9)
FN:131,(anonymous_10)
FN:141,(anonymous_11)
FN:150,(anonymous_12)
FN:158,(anonymous_13)
FN:166,(anonymous_14)
FN:176,(anonymous_15)
FN:218,(anonymous_16)
FN:222,(anonymous_17)
FNF:9
FNH:0
FNDA:0,(anonymous_9)
FNDA:0,(anonymous_10)
FNDA:0,(anonymous_11)
FNDA:0,(anonymous_12)
FNDA:0,(anonymous_13)
FNDA:0,(anonymous_14)
FNDA:0,(anonymous_15)
FNDA:0,(anonymous_16)
FNDA:0,(anonymous_17)
DA:1,0
DA:2,0
DA:3,0
DA:8,0
DA:9,0
DA:10,0
DA:38,0
DA:120,0
DA:127,0
DA:129,0
DA:131,0
DA:132,0
DA:133,0
DA:134,0
DA:135,0
DA:136,0
DA:137,0
DA:141,0
DA:142,0
DA:143,0
DA:144,0
DA:145,0
DA:146,0
DA:150,0
DA:151,0
DA:152,0
DA:153,0
DA:154,0
DA:158,0
DA:159,0
DA:160,0
DA:161,0
DA:162,0
DA:166,0
DA:167,0
DA:168,0
DA:171,0
DA:173,0
DA:176,0
DA:177,0
DA:178,0
DA:181,0
DA:182,0
DA:197,0
DA:219,0
DA:222,0
DA:280,0
LF:47
LH:0
BRDA:123,0,0,0
BRDA:124,1,0,0
BRDA:125,2,0,0
BRDA:129,3,0,0
BRDA:129,3,1,0
BRDA:129,3,2,0
BRDA:132,4,0,0
BRDA:132,4,1,0
BRDA:132,4,2,0
BRDA:132,4,3,0
BRDA:132,4,4,0
BRDA:142,5,0,0
BRDA:142,5,1,0
BRDA:142,5,2,0
BRDA:142,5,3,0
BRDA:151,6,0,0
BRDA:151,6,1,0
BRDA:151,6,2,0
BRDA:159,7,0,0
BRDA:159,7,1,0
BRDA:159,7,2,0
BRDA:167,8,0,0
BRDA:167,8,1,0
BRDA:181,9,0,0
BRDA:181,9,1,0
BRDA:191,10,0,0
BRDA:191,10,1,0
BRDA:192,11,0,0
BRDA:192,11,1,0
BRDA:207,12,0,0
BRDA:207,12,1,0
BRDA:208,13,0,0
BRDA:208,13,1,0
BRDA:234,14,0,0
BRDA:234,14,1,0
BRDA:240,15,0,0
BRDA:240,15,1,0
BRDA:253,16,0,0
BRDA:253,16,1,0
BRF:39
BRH:0
end_of_record
TN:
SF:src\components\LanguageDemo.tsx
FN:8,(anonymous_9)
FN:26,(anonymous_10)
FN:40,(anonymous_11)
FNF:3
FNH:0
FNDA:0,(anonymous_9)
FNDA:0,(anonymous_10)
FNDA:0,(anonymous_11)
DA:1,0
DA:2,0
DA:3,0
DA:5,0
DA:6,0
DA:8,0
DA:9,0
DA:10,0
DA:11,0
DA:13,0
DA:26,0
DA:40,0
DA:86,0
LF:13
LH:0
BRDA:26,0,0,0
BRDA:26,0,1,0
BRDA:30,1,0,0
BRDA:30,1,1,0
BRDA:51,2,0,0
BRDA:51,2,1,0
BRF:6
BRH:0
end_of_record
TN:
SF:src\components\LanguageSelector.tsx
FN:12,(anonymous_1)
FN:15,(anonymous_2)
FN:19,(anonymous_3)
FNF:3
FNH:2
FNDA:29,(anonymous_1)
FNDA:0,(anonymous_2)
FNDA:29,(anonymous_3)
DA:1,1
DA:2,1
DA:3,1
DA:10,1
DA:12,1
DA:13,29
DA:15,29
DA:16,0
DA:19,29
DA:20,29
DA:22,0
DA:24,0
DA:26,29
DA:30,29
DA:46,1
LF:15
LH:12
BRDA:20,0,0,0
BRDA:20,0,1,0
BRDA:20,0,2,29
BRDA:22,1,0,0
BRDA:22,1,1,0
BRDA:24,2,0,0
BRDA:24,2,1,0
BRF:7
BRH:1
end_of_record
TN:
SF:src\components\LayoutWithSidebar.tsx
FN:24,LayoutWithSidebar
FN:40,(anonymous_11)
FNF:2
FNH:0
FNDA:0,LayoutWithSidebar
FNDA:0,(anonymous_11)
DA:1,1
DA:2,1
DA:3,0
DA:4,0
DA:5,0
DA:6,0
DA:24,1
DA:29,0
DA:41,0
LF:9
LH:3
BRDA:26,0,0,0
BRDA:37,1,0,0
BRDA:37,1,1,0
BRDA:43,2,0,0
BRDA:43,2,1,0
BRDA:51,3,0,0
BRDA:51,3,1,0
BRDA:59,4,0,0
BRDA:59,4,1,0
BRF:9
BRH:0
end_of_record
TN:
SF:src\components\LoadingSpinner.tsx
FN:9,(anonymous_1)
FNF:1
FNH:1
FNDA:5,(anonymous_1)
DA:1,1
DA:2,1
DA:9,1
DA:13,5
DA:23,1
LF:5
LH:5
BRDA:10,0,0,4
BRDA:11,1,0,4
BRF:2
BRH:2
end_of_record
TN:
SF:src\components\NotificationBell.tsx
FN:28,(anonymous_10)
FN:35,(anonymous_11)
FN:40,(anonymous_12)
FN:49,(anonymous_13)
FN:55,(anonymous_14)
FN:61,(anonymous_15)
FN:66,(anonymous_16)
FN:71,(anonymous_17)
FN:76,(anonymous_18)
FN:89,(anonymous_19)
FN:99,(anonymous_20)
FN:168,(anonymous_21)
FN:185,(anonymous_22)
FN:191,(anonymous_23)
FN:219,(anonymous_24)
FN:247,(anonymous_25)
FN:264,(anonymous_26)
FN:270,(anonymous_27)
FNF:18
FNH:0
FNDA:0,(anonymous_10)
FNDA:0,(anonymous_11)
FNDA:0,(anonymous_12)
FNDA:0,(anonymous_13)
FNDA:0,(anonymous_14)
FNDA:0,(anonymous_15)
FNDA:0,(anonymous_16)
FNDA:0,(anonymous_17)
FNDA:0,(anonymous_18)
FNDA:0,(anonymous_19)
FNDA:0,(anonymous_20)
FNDA:0,(anonymous_21)
FNDA:0,(anonymous_22)
FNDA:0,(anonymous_23)
FNDA:0,(anonymous_24)
FNDA:0,(anonymous_25)
FNDA:0,(anonymous_26)
FNDA:0,(anonymous_27)
DA:1,0
DA:2,0
DA:3,0
DA:4,0
DA:5,0
DA:6,0
DA:7,0
DA:8,0
DA:20,0
DA:21,0
DA:22,0
DA:28,0
DA:29,0
DA:30,0
DA:31,0
DA:32,0
DA:33,0
DA:35,0
DA:37,0
DA:40,0
DA:41,0
DA:44,0
DA:47,0
DA:49,0
DA:50,0
DA:51,0
DA:55,0
DA:56,0
DA:57,0
DA:58,0
DA:61,0
DA:62,0
DA:63,0
DA:66,0
DA:67,0
DA:68,0
DA:71,0
DA:72,0
DA:73,0
DA:76,0
DA:77,0
DA:79,0
DA:81,0
DA:83,0
DA:85,0
DA:89,0
DA:90,0
DA:91,0
DA:92,0
DA:93,0
DA:94,0
DA:95,0
DA:99,0
DA:100,0
DA:101,0
DA:102,0
DA:104,0
DA:105,0
DA:106,0
DA:107,0
DA:110,0
DA:111,0
DA:113,0
DA:168,0
DA:186,0
DA:191,0
DA:220,0
DA:221,0
DA:248,0
DA:249,0
DA:264,0
DA:270,0
DA:276,0
LF:73
LH:0
BRDA:28,0,0,0
BRDA:77,1,0,0
BRDA:77,1,1,0
BRDA:77,1,2,0
BRDA:77,1,3,0
BRDA:79,2,0,0
BRDA:79,2,1,0
BRDA:90,3,0,0
BRDA:90,3,1,0
BRDA:90,3,2,0
BRDA:90,3,3,0
BRDA:90,3,4,0
BRDA:104,4,0,0
BRDA:104,4,1,0
BRDA:105,5,0,0
BRDA:105,5,1,0
BRDA:106,6,0,0
BRDA:106,6,1,0
BRDA:121,7,0,0
BRDA:121,7,1,0
BRDA:123,8,0,0
BRDA:123,8,1,0
BRDA:128,9,0,0
BRDA:128,9,1,0
BRDA:133,10,0,0
BRDA:133,10,1,0
BRDA:146,11,0,0
BRDA:146,11,1,0
BRDA:153,12,0,0
BRDA:153,12,1,0
BRDA:177,13,0,0
BRDA:177,13,1,0
BRDA:190,14,0,0
BRDA:190,14,1,0
BRDA:191,15,0,0
BRDA:191,15,1,0
BRDA:197,16,0,0
BRDA:197,16,1,0
BRDA:207,17,0,0
BRDA:207,17,1,0
BRDA:215,18,0,0
BRDA:215,18,1,0
BRDA:232,19,0,0
BRDA:232,19,1,0
BRDA:241,20,0,0
BRDA:241,20,1,0
BRF:46
BRH:0
end_of_record
TN:
SF:src\components\NotificationSettingsDialog.tsx
FN:32,(anonymous_9)
FN:44,(anonymous_10)
FN:58,(anonymous_11)
FN:59,(anonymous_12)
FN:66,(anonymous_13)
FN:68,(anonymous_14)
FN:69,(anonymous_15)
FN:74,(anonymous_16)
FN:80,(anonymous_17)
FN:88,(anonymous_18)
FN:93,(anonymous_19)
FN:131,(anonymous_20)
FN:147,(anonymous_21)
FN:152,(anonymous_22)
FN:170,(anonymous_23)
FN:171,(anonymous_24)
FN:209,(anonymous_25)
FN:247,(anonymous_26)
FN:272,(anonymous_27)
FNF:19
FNH:0
FNDA:0,(anonymous_9)
FNDA:0,(anonymous_10)
FNDA:0,(anonymous_11)
FNDA:0,(anonymous_12)
FNDA:0,(anonymous_13)
FNDA:0,(anonymous_14)
FNDA:0,(anonymous_15)
FNDA:0,(anonymous_16)
FNDA:0,(anonymous_17)
FNDA:0,(anonymous_18)
FNDA:0,(anonymous_19)
FNDA:0,(anonymous_20)
FNDA:0,(anonymous_21)
FNDA:0,(anonymous_22)
FNDA:0,(anonymous_23)
FNDA:0,(anonymous_24)
FNDA:0,(anonymous_25)
FNDA:0,(anonymous_26)
FNDA:0,(anonymous_27)
DA:1,0
DA:2,0
DA:3,0
DA:4,0
DA:5,0
DA:6,0
DA:7,0
DA:8,0
DA:15,0
DA:25,0
DA:32,0
DA:33,0
DA:41,0
DA:42,0
DA:44,0
DA:45,0
DA:47,0
DA:48,0
DA:49,0
DA:52,0
DA:53,0
DA:58,0
DA:59,0
DA:63,0
DA:66,0
DA:67,0
DA:68,0
DA:69,0
DA:71,0
DA:74,0
DA:75,0
DA:76,0
DA:79,0
DA:80,0
DA:81,0
DA:85,0
DA:88,0
DA:89,0
DA:90,0
DA:93,0
DA:94,0
DA:95,0
DA:96,0
DA:99,0
DA:101,0
DA:131,0
DA:148,0
DA:152,0
DA:170,0
DA:172,0
DA:209,0
DA:247,0
DA:272,0
DA:324,0
LF:54
LH:0
BRDA:45,0,0,0
BRDA:45,0,1,0
BRDA:52,1,0,0
BRDA:52,1,1,0
BRDA:67,2,0,0
BRDA:67,2,1,0
BRDA:79,3,0,0
BRDA:79,3,1,0
BRDA:79,4,0,0
BRDA:79,4,1,0
BRDA:94,5,0,0
BRDA:94,5,1,0
BRDA:95,6,0,0
BRDA:95,6,1,0
BRDA:165,7,0,0
BRDA:165,7,1,0
BRDA:195,8,0,0
BRDA:195,8,1,0
BRDA:198,9,0,0
BRDA:198,9,1,0
BRDA:214,10,0,0
BRDA:214,10,1,0
BRDA:214,10,2,0
BRDA:258,11,0,0
BRDA:258,11,1,0
BRDA:280,12,0,0
BRDA:280,12,1,0
BRDA:290,13,0,0
BRDA:290,13,1,0
BRDA:293,14,0,0
BRDA:293,14,1,0
BRDA:296,15,0,0
BRDA:296,15,1,0
BRF:33
BRH:0
end_of_record
TN:
SF:src\components\NotificationsView.tsx
FN:45,(anonymous_9)
FN:60,(anonymous_10)
FN:73,(anonymous_11)
FN:80,(anonymous_12)
FN:83,(anonymous_13)
FN:86,(anonymous_14)
FN:89,(anonymous_15)
FN:96,(anonymous_16)
FN:101,(anonymous_17)
FN:109,(anonymous_18)
FN:112,(anonymous_19)
FN:117,(anonymous_20)
FN:126,(anonymous_21)
FN:138,(anonymous_22)
FN:147,(anonymous_23)
FN:150,(anonymous_24)
FN:154,(anonymous_25)
FN:167,(anonymous_26)
FN:173,(anonymous_27)
FN:182,(anonymous_28)
FN:191,(anonymous_29)
FN:200,(anonymous_30)
FN:201,(anonymous_31)
FN:203,(anonymous_32)
FN:208,(anonymous_33)
FN:212,(anonymous_34)
FN:216,(anonymous_35)
FN:238,(anonymous_36)
FN:251,(anonymous_37)
FN:266,(anonymous_38)
FN:277,(anonymous_39)
FN:322,(anonymous_40)
FN:322,(anonymous_41)
FN:329,(anonymous_42)
FN:329,(anonymous_43)
FN:344,(anonymous_44)
FN:344,(anonymous_45)
FN:359,(anonymous_46)
FN:359,(anonymous_47)
FN:382,(anonymous_48)
FN:390,(anonymous_49)
FN:398,(anonymous_50)
FN:455,(anonymous_51)
FN:465,(anonymous_52)
FN:502,(anonymous_53)
FN:511,(anonymous_54)
FNF:46
FNH:0
FNDA:0,(anonymous_9)
FNDA:0,(anonymous_10)
FNDA:0,(anonymous_11)
FNDA:0,(anonymous_12)
FNDA:0,(anonymous_13)
FNDA:0,(anonymous_14)
FNDA:0,(anonymous_15)
FNDA:0,(anonymous_16)
FNDA:0,(anonymous_17)
FNDA:0,(anonymous_18)
FNDA:0,(anonymous_19)
FNDA:0,(anonymous_20)
FNDA:0,(anonymous_21)
FNDA:0,(anonymous_22)
FNDA:0,(anonymous_23)
FNDA:0,(anonymous_24)
FNDA:0,(anonymous_25)
FNDA:0,(anonymous_26)
FNDA:0,(anonymous_27)
FNDA:0,(anonymous_28)
FNDA:0,(anonymous_29)
FNDA:0,(anonymous_30)
FNDA:0,(anonymous_31)
FNDA:0,(anonymous_32)
FNDA:0,(anonymous_33)
FNDA:0,(anonymous_34)
FNDA:0,(anonymous_35)
FNDA:0,(anonymous_36)
FNDA:0,(anonymous_37)
FNDA:0,(anonymous_38)
FNDA:0,(anonymous_39)
FNDA:0,(anonymous_40)
FNDA:0,(anonymous_41)
FNDA:0,(anonymous_42)
FNDA:0,(anonymous_43)
FNDA:0,(anonymous_44)
FNDA:0,(anonymous_45)
FNDA:0,(anonymous_46)
FNDA:0,(anonymous_47)
FNDA:0,(anonymous_48)
FNDA:0,(anonymous_49)
FNDA:0,(anonymous_50)
FNDA:0,(anonymous_51)
FNDA:0,(anonymous_52)
FNDA:0,(anonymous_53)
FNDA:0,(anonymous_54)
DA:1,0
DA:2,0
DA:3,0
DA:4,0
DA:5,0
DA:6,0
DA:7,0
DA:8,0
DA:9,0
DA:23,0
DA:24,0
DA:25,0
DA:45,0
DA:46,0
DA:47,0
DA:48,0
DA:49,0
DA:50,0
DA:60,0
DA:61,0
DA:62,0
DA:63,0
DA:64,0
DA:66,0
DA:68,0
DA:73,0
DA:74,0
DA:77,0
DA:78,0
DA:80,0
DA:81,0
DA:83,0
DA:84,0
DA:86,0
DA:87,0
DA:89,0
DA:90,0
DA:95,0
DA:96,0
DA:100,0
DA:101,0
DA:105,0
DA:106,0
DA:107,0
DA:109,0
DA:110,0
DA:112,0
DA:113,0
DA:115,0
DA:116,0
DA:117,0
DA:118,0
DA:119,0
DA:121,0
DA:124,0
DA:125,0
DA:126,0
DA:127,0
DA:128,0
DA:130,0
DA:136,0
DA:137,0
DA:138,0
DA:139,0
DA:145,0
DA:147,0
DA:148,0
DA:150,0
DA:151,0
DA:153,0
DA:154,0
DA:155,0
DA:156,0
DA:157,0
DA:159,0
DA:163,0
DA:167,0
DA:168,0
DA:169,0
DA:173,0
DA:174,0
DA:175,0
DA:176,0
DA:178,0
DA:182,0
DA:183,0
DA:184,0
DA:185,0
DA:187,0
DA:191,0
DA:192,0
DA:193,0
DA:194,0
DA:196,0
DA:200,0
DA:201,0
DA:202,0
DA:203,0
DA:208,0
DA:209,0
DA:212,0
DA:216,0
DA:217,0
DA:218,0
DA:219,0
DA:221,0
DA:222,0
DA:224,0
DA:225,0
DA:227,0
DA:228,0
DA:231,0
DA:232,0
DA:234,0
DA:238,0
DA:239,0
DA:241,0
DA:243,0
DA:245,0
DA:247,0
DA:251,0
DA:252,0
DA:254,0
DA:256,0
DA:258,0
DA:260,0
DA:262,0
DA:266,0
DA:267,0
DA:268,0
DA:269,0
DA:270,0
DA:271,0
DA:273,0
DA:277,0
DA:279,0
DA:322,0
DA:329,0
DA:344,0
DA:359,0
DA:382,0
DA:390,0
DA:398,0
DA:456,0
DA:465,0
DA:502,0
DA:511,0
DA:534,0
LF:148
LH:0
BRDA:77,0,0,0
BRDA:77,0,1,0
BRDA:78,1,0,0
BRDA:78,1,1,0
BRDA:78,1,2,0
BRDA:78,1,3,0
BRDA:95,2,0,0
BRDA:95,2,1,0
BRDA:100,3,0,0
BRDA:100,3,1,0
BRDA:105,4,0,0
BRDA:105,4,1,0
BRDA:107,5,0,0
BRDA:107,5,1,0
BRDA:107,5,2,0
BRDA:107,5,3,0
BRDA:119,6,0,0
BRDA:119,6,1,0
BRDA:128,7,0,0
BRDA:128,7,1,0
BRDA:136,8,0,0
BRDA:136,8,1,0
BRDA:139,9,0,0
BRDA:139,9,1,0
BRDA:145,10,0,0
BRDA:145,10,1,0
BRDA:145,10,2,0
BRDA:155,11,0,0
BRDA:155,11,1,0
BRDA:156,12,0,0
BRDA:156,12,1,0
BRDA:168,13,0,0
BRDA:168,13,1,0
BRDA:202,14,0,0
BRDA:202,14,1,0
BRDA:210,15,0,0
BRDA:210,15,1,0
BRDA:219,16,0,0
BRDA:219,16,1,0
BRDA:219,16,2,0
BRDA:239,17,0,0
BRDA:239,17,1,0
BRDA:239,17,2,0
BRDA:239,17,3,0
BRDA:252,18,0,0
BRDA:252,18,1,0
BRDA:252,18,2,0
BRDA:252,18,3,0
BRDA:252,18,4,0
BRDA:268,19,0,0
BRDA:268,19,1,0
BRDA:270,20,0,0
BRDA:270,20,1,0
BRDA:287,21,0,0
BRDA:287,21,1,0
BRDA:300,22,0,0
BRDA:300,22,1,0
BRDA:373,23,0,0
BRDA:373,23,1,0
BRDA:411,24,0,0
BRDA:411,24,1,0
BRDA:416,25,0,0
BRDA:416,25,1,0
BRDA:421,26,0,0
BRDA:421,26,1,0
BRDA:421,27,0,0
BRDA:421,27,1,0
BRDA:434,28,0,0
BRDA:434,28,1,0
BRDA:442,29,0,0
BRDA:442,29,1,0
BRDA:457,30,0,0
BRDA:457,30,1,0
BRDA:473,31,0,0
BRDA:473,31,1,0
BRDA:476,32,0,0
BRDA:476,32,1,0
BRDA:498,33,0,0
BRDA:498,33,1,0
BRF:79
BRH:0
end_of_record
TN:
SF:src\components\OfflineIndicator.tsx
FN:23,OfflineIndicator
FN:29,(anonymous_10)
FN:31,(anonymous_11)
FN:37,(anonymous_12)
FN:49,(anonymous_13)
FN:53,(anonymous_14)
FN:60,(anonymous_15)
FN:69,(anonymous_16)
FN:85,(anonymous_17)
FN:101,(anonymous_18)
FN:119,(anonymous_19)
FN:140,(anonymous_20)
FN:156,(anonymous_21)
FN:178,SyncDetailsModal
FNF:14
FNH:6
FNDA:55,OfflineIndicator
FNDA:45,(anonymous_10)
FNDA:0,(anonymous_11)
FNDA:0,(anonymous_12)
FNDA:0,(anonymous_13)
FNDA:45,(anonymous_14)
FNDA:0,(anonymous_15)
FNDA:55,(anonymous_16)
FNDA:55,(anonymous_17)
FNDA:55,(anonymous_18)
FNDA:0,(anonymous_19)
FNDA:0,(anonymous_20)
FNDA:0,(anonymous_21)
FNDA:0,SyncDetailsModal
DA:1,1
DA:2,1
DA:3,1
DA:4,1
DA:5,1
DA:14,1
DA:15,1
DA:23,1
DA:24,55
DA:25,55
DA:26,55
DA:27,55
DA:29,55
DA:31,45
DA:32,0
DA:33,0
DA:37,45
DA:38,0
DA:41,0
DA:42,0
DA:46,45
DA:49,45
DA:50,0
DA:53,45
DA:54,45
DA:55,45
DA:56,45
DA:60,55
DA:61,0
DA:62,0
DA:63,0
DA:65,0
DA:69,55
DA:70,55
DA:71,0
DA:74,55
DA:75,0
DA:78,55
DA:79,0
DA:82,55
DA:85,55
DA:86,55
DA:87,0
DA:90,55
DA:91,0
DA:94,55
DA:95,0
DA:98,55
DA:101,55
DA:102,55
DA:103,55
DA:104,55
DA:105,55
DA:108,55
DA:109,55
DA:119,0
DA:129,0
DA:140,0
DA:156,0
DA:188,0
DA:327,1
LF:61
LH:40
BRDA:23,0,0,0
BRDA:23,1,0,55
BRDA:41,2,0,0
BRDA:41,2,1,0
BRDA:70,3,0,0
BRDA:70,3,1,55
BRDA:74,4,0,0
BRDA:74,4,1,55
BRDA:78,5,0,0
BRDA:78,5,1,55
BRDA:86,6,0,0
BRDA:86,6,1,55
BRDA:90,7,0,0
BRDA:90,7,1,55
BRDA:94,8,0,0
BRDA:94,8,1,55
BRDA:102,9,0,0
BRDA:102,9,1,55
BRDA:103,10,0,0
BRDA:103,10,1,55
BRDA:104,11,0,0
BRDA:104,11,1,55
BRDA:108,12,0,55
BRDA:108,12,1,0
BRDA:115,13,0,55
BRDA:115,13,1,0
BRDA:136,14,0,0
BRDA:136,14,1,0
BRDA:136,14,2,0
BRDA:148,15,0,0
BRDA:148,15,1,0
BRDA:206,16,0,0
BRDA:206,16,1,0
BRDA:212,17,0,0
BRDA:212,17,1,0
BRDA:215,18,0,0
BRDA:215,18,1,0
BRDA:223,19,0,0
BRDA:223,19,1,0
BRDA:238,20,0,0
BRDA:238,20,1,0
BRDA:249,21,0,0
BRDA:249,21,1,0
BRDA:258,22,0,0
BRDA:258,22,1,0
BRDA:267,23,0,0
BRDA:267,23,1,0
BRDA:273,24,0,0
BRDA:273,24,1,0
BRDA:283,25,0,0
BRDA:283,25,1,0
BRDA:296,26,0,0
BRDA:296,26,1,0
BRDA:298,27,0,0
BRDA:298,27,1,0
BRDA:300,28,0,0
BRDA:300,28,1,0
BRDA:316,29,0,0
BRDA:316,29,1,0
BRF:59
BRH:12
end_of_record
TN:
SF:src\components\PWAInstallPrompt.tsx
FN:22,PWAInstallPrompt
FN:30,(anonymous_10)
FN:38,(anonymous_11)
FN:44,(anonymous_12)
FN:53,(anonymous_13)
FN:63,(anonymous_14)
FN:64,(anonymous_15)
FN:71,(anonymous_16)
FN:79,(anonymous_17)
FN:114,(anonymous_18)
FN:120,(anonymous_19)
FN:218,OfflineStatus
FN:222,(anonymous_21)
FN:268,(anonymous_22)
FN:277,(anonymous_23)
FNF:15
FNH:7
FNDA:53,PWAInstallPrompt
FNDA:42,(anonymous_10)
FNDA:0,(anonymous_11)
FNDA:0,(anonymous_12)
FNDA:0,(anonymous_13)
FNDA:0,(anonymous_14)
FNDA:0,(anonymous_15)
FNDA:20,(anonymous_16)
FNDA:0,(anonymous_17)
FNDA:0,(anonymous_18)
FNDA:0,(anonymous_19)
FNDA:43,OfflineStatus
FNDA:25,(anonymous_21)
FNDA:1,(anonymous_22)
FNDA:5,(anonymous_23)
DA:1,1
DA:2,1
DA:3,1
DA:4,1
DA:5,1
DA:15,1
DA:16,1
DA:22,1
DA:23,53
DA:24,53
DA:25,53
DA:26,53
DA:27,53
DA:28,53
DA:30,53
DA:32,42
DA:33,22
DA:34,22
DA:38,20
DA:39,0
DA:40,0
DA:41,0
DA:44,0
DA:45,0
DA:46,0
DA:47,0
DA:53,20
DA:54,0
DA:55,0
DA:56,0
DA:63,20
DA:64,20
DA:66,20
DA:67,20
DA:68,20
DA:69,20
DA:71,20
DA:72,20
DA:73,20
DA:74,20
DA:75,20
DA:79,53
DA:80,0
DA:82,0
DA:84,0
DA:87,0
DA:89,0
DA:90,0
DA:95,0
DA:102,0
DA:103,0
DA:105,0
DA:106,0
DA:114,53
DA:115,0
DA:116,0
DA:117,0
DA:120,53
DA:121,0
DA:122,0
DA:123,0
DA:128,0
DA:136,53
DA:137,22
DA:145,31
DA:146,31
DA:154,0
DA:219,43
DA:220,43
DA:222,43
DA:223,25
DA:224,25
DA:227,43
DA:228,24
DA:231,19
DA:268,1
DA:278,5
DA:336,1
LF:78
LH:49
BRDA:32,0,0,22
BRDA:32,0,1,20
BRDA:46,1,0,0
BRDA:46,1,1,0
BRDA:80,2,0,0
BRDA:80,2,1,0
BRDA:89,3,0,0
BRDA:89,3,1,0
BRDA:136,4,0,22
BRDA:136,4,1,31
BRDA:145,5,0,31
BRDA:145,5,1,0
BRDA:145,6,0,31
BRDA:145,6,1,0
BRDA:227,7,0,24
BRDA:227,7,1,19
BRDA:227,8,0,43
BRDA:227,8,1,41
BRDA:236,9,0,17
BRDA:236,9,1,2
BRDA:242,10,0,17
BRDA:242,10,1,2
BRDA:246,11,0,19
BRDA:246,11,1,17
BRDA:253,12,0,19
BRDA:253,12,1,2
BRDA:259,13,0,19
BRDA:259,13,1,17
BRDA:271,14,0,1
BRDA:271,14,1,16
BRDA:275,15,0,17
BRDA:275,15,1,1
BRDA:284,16,0,0
BRDA:284,16,1,5
BRDA:292,17,0,1
BRDA:292,17,1,1
BRDA:300,18,0,17
BRDA:300,18,1,17
BRDA:308,19,0,2
BRDA:308,19,1,15
BRDA:324,20,0,19
BRDA:324,20,1,19
BRF:42
BRH:33
end_of_record
TN:
SF:src\components\PageWithSidebar.tsx
FN:13,PageWithSidebar
FNF:1
FNH:1
FNDA:4,PageWithSidebar
DA:1,1
DA:2,1
DA:13,1
DA:18,4
DA:22,4
LF:5
LH:5
BRDA:16,0,0,4
BRDA:24,1,0,0
BRDA:24,1,1,4
BRF:3
BRH:2
end_of_record
TN:
SF:src\components\PermissionGate.tsx
FN:8,PermissionGate
FNF:1
FNH:1
FNDA:24,PermissionGate
DA:1,1
DA:2,1
DA:8,1
DA:15,24
DA:20,0
DA:21,0
DA:24,0
DA:27,1
LF:8
LH:5
BRDA:10,0,0,24
BRDA:11,1,0,20
BRDA:20,2,0,0
BRDA:20,2,1,0
BRF:4
BRH:2
end_of_record
TN:
SF:src\components\ProjectFilterBar.tsx
FN:137,(anonymous_10)
FN:161,(anonymous_11)
FN:165,(anonymous_12)
FN:169,(anonymous_13)
FN:177,(anonymous_14)
FN:182,(anonymous_15)
FN:187,(anonymous_16)
FN:194,(anonymous_17)
FN:199,(anonymous_18)
FN:227,(anonymous_19)
FN:235,(anonymous_20)
FN:249,(anonymous_21)
FN:266,(anonymous_22)
FN:279,(anonymous_23)
FN:304,(anonymous_24)
FN:334,(anonymous_25)
FN:339,(anonymous_26)
FN:356,(anonymous_27)
FN:379,(anonymous_28)
FN:383,(anonymous_29)
FN:399,(anonymous_30)
FN:408,(anonymous_31)
FN:419,(anonymous_32)
FN:438,(anonymous_33)
FN:459,(anonymous_34)
FNF:25
FNH:0
FNDA:0,(anonymous_10)
FNDA:0,(anonymous_11)
FNDA:0,(anonymous_12)
FNDA:0,(anonymous_13)
FNDA:0,(anonymous_14)
FNDA:0,(anonymous_15)
FNDA:0,(anonymous_16)
FNDA:0,(anonymous_17)
FNDA:0,(anonymous_18)
FNDA:0,(anonymous_19)
FNDA:0,(anonymous_20)
FNDA:0,(anonymous_21)
FNDA:0,(anonymous_22)
FNDA:0,(anonymous_23)
FNDA:0,(anonymous_24)
FNDA:0,(anonymous_25)
FNDA:0,(anonymous_26)
FNDA:0,(anonymous_27)
FNDA:0,(anonymous_28)
FNDA:0,(anonymous_29)
FNDA:0,(anonymous_30)
FNDA:0,(anonymous_31)
FNDA:0,(anonymous_32)
FNDA:0,(anonymous_33)
FNDA:0,(anonymous_34)
DA:1,0
DA:2,0
DA:3,0
DA:4,0
DA:5,0
DA:12,0
DA:17,0
DA:30,0
DA:31,0
DA:32,0
DA:33,0
DA:34,0
DA:35,0
DA:55,0
DA:137,0
DA:146,0
DA:147,0
DA:150,0
DA:155,0
DA:161,0
DA:162,0
DA:163,0
DA:165,0
DA:169,0
DA:171,0
DA:172,0
DA:177,0
DA:178,0
DA:182,0
DA:183,0
DA:187,0
DA:188,0
DA:189,0
DA:190,0
DA:194,0
DA:196,0
DA:199,0
DA:200,0
DA:204,0
DA:205,0
DA:209,0
DA:210,0
DA:213,0
DA:214,0
DA:218,0
DA:221,0
DA:223,0
DA:227,0
DA:229,0
DA:230,0
DA:231,0
DA:235,0
DA:236,0
DA:237,0
DA:239,0
DA:240,0
DA:249,0
DA:250,0
DA:251,0
DA:254,0
DA:266,0
DA:280,0
DA:304,0
DA:335,0
DA:339,0
DA:357,0
DA:358,0
DA:379,0
DA:383,0
DA:399,0
DA:409,0
DA:419,0
DA:438,0
DA:459,0
DA:467,0
LF:75
LH:0
BRDA:144,0,0,0
BRDA:162,1,0,0
BRDA:162,1,1,0
BRDA:162,2,0,0
BRDA:162,2,1,0
BRDA:171,3,0,0
BRDA:171,3,1,0
BRDA:204,4,0,0
BRDA:204,4,1,0
BRDA:209,5,0,0
BRDA:209,5,1,0
BRDA:213,6,0,0
BRDA:213,6,1,0
BRDA:239,7,0,0
BRDA:239,7,1,0
BRDA:243,8,0,0
BRDA:243,8,1,0
BRDA:243,8,2,0
BRDA:260,9,0,0
BRDA:260,9,1,0
BRDA:265,10,0,0
BRDA:265,10,1,0
BRDA:265,11,0,0
BRDA:265,11,1,0
BRDA:266,12,0,0
BRDA:266,12,1,0
BRDA:323,13,0,0
BRDA:323,13,1,0
BRDA:340,14,0,0
BRDA:340,14,1,0
BRDA:342,15,0,0
BRDA:342,15,1,0
BRDA:352,16,0,0
BRDA:352,16,1,0
BRDA:352,16,2,0
BRDA:352,16,3,0
BRDA:358,17,0,0
BRDA:358,17,1,0
BRDA:369,18,0,0
BRDA:369,18,1,0
BRDA:369,18,2,0
BRDA:369,18,3,0
BRDA:369,18,4,0
BRDA:376,19,0,0
BRDA:376,19,1,0
BRDA:376,19,2,0
BRDA:379,20,0,0
BRDA:379,20,1,0
BRDA:383,21,0,0
BRDA:383,21,1,0
BRDA:392,22,0,0
BRDA:392,22,1,0
BRDA:432,23,0,0
BRDA:432,23,1,0
BRDA:432,23,2,0
BRDA:432,23,3,0
BRDA:436,24,0,0
BRDA:436,24,1,0
BRDA:436,24,2,0
BRDA:441,25,0,0
BRDA:441,25,1,0
BRDA:448,26,0,0
BRDA:448,26,1,0
BRF:63
BRH:0
end_of_record
TN:
SF:src\components\ProtectedRoute.tsx
FN:14,(anonymous_1)
FN:43,(anonymous_2)
FN:54,(anonymous_3)
FN:75,(anonymous_4)
FN:85,(anonymous_5)
FN:95,(anonymous_6)
FN:107,(anonymous_7)
FNF:7
FNH:0
FNDA:0,(anonymous_1)
FNDA:0,(anonymous_2)
FNDA:0,(anonymous_3)
FNDA:0,(anonymous_4)
FNDA:0,(anonymous_5)
FNDA:0,(anonymous_6)
FNDA:0,(anonymous_7)
DA:1,0
DA:2,0
DA:3,0
DA:4,0
DA:14,0
DA:21,0
DA:22,0
DA:25,0
DA:26,0
DA:37,0
DA:38,0
DA:42,0
DA:43,0
DA:44,0
DA:47,0
DA:48,0
DA:53,0
DA:54,0
DA:55,0
DA:58,0
DA:59,0
DA:64,0
DA:67,0
DA:75,0
DA:76,0
DA:85,0
DA:86,0
DA:95,0
DA:96,0
DA:107,0
DA:112,0
DA:114,0
DA:115,0
DA:125,0
DA:126,0
DA:129,0
LF:36
LH:0
BRDA:16,0,0,0
BRDA:17,1,0,0
BRDA:18,2,0,0
BRDA:19,3,0,0
BRDA:25,4,0,0
BRDA:25,4,1,0
BRDA:37,5,0,0
BRDA:37,5,1,0
BRDA:37,6,0,0
BRDA:37,6,1,0
BRDA:42,7,0,0
BRDA:42,7,1,0
BRDA:42,8,0,0
BRDA:42,8,1,0
BRDA:47,9,0,0
BRDA:47,9,1,0
BRDA:53,10,0,0
BRDA:53,10,1,0
BRDA:53,11,0,0
BRDA:53,11,1,0
BRDA:58,12,0,0
BRDA:58,12,1,0
BRDA:109,13,0,0
BRDA:110,14,0,0
BRDA:114,15,0,0
BRDA:114,15,1,0
BRDA:125,16,0,0
BRDA:125,16,1,0
BRDA:125,17,0,0
BRDA:125,17,1,0
BRF:30
BRH:0
end_of_record
TN:
SF:src\components\RecurrenceEditDialog.tsx
FN:30,(anonymous_9)
FN:47,(anonymous_10)
FN:55,(anonymous_11)
FN:63,(anonymous_12)
FN:70,(anonymous_13)
FN:75,(anonymous_14)
FN:122,(anonymous_15)
FNF:7
FNH:0
FNDA:0,(anonymous_9)
FNDA:0,(anonymous_10)
FNDA:0,(anonymous_11)
FNDA:0,(anonymous_12)
FNDA:0,(anonymous_13)
FNDA:0,(anonymous_14)
FNDA:0,(anonymous_15)
DA:1,0
DA:2,0
DA:10,0
DA:11,0
DA:12,0
DA:13,0
DA:14,0
DA:15,0
DA:17,0
DA:18,0
DA:30,0
DA:37,0
DA:40,0
DA:41,0
DA:44,0
DA:45,0
DA:47,0
DA:48,0
DA:49,0
DA:50,0
DA:51,0
DA:55,0
DA:56,0
DA:57,0
DA:58,0
DA:59,0
DA:63,0
DA:64,0
DA:65,0
DA:66,0
DA:70,0
DA:71,0
DA:72,0
DA:75,0
DA:76,0
DA:77,0
DA:80,0
DA:122,0
DA:208,0
LF:39
LH:0
BRDA:40,0,0,0
BRDA:40,0,1,0
BRDA:48,1,0,0
BRDA:48,1,1,0
BRDA:48,1,2,0
BRDA:56,2,0,0
BRDA:56,2,1,0
BRDA:56,2,2,0
BRDA:64,3,0,0
BRDA:64,3,1,0
BRDA:106,4,0,0
BRDA:106,4,1,0
BRDA:133,5,0,0
BRDA:133,5,1,0
BRDA:149,6,0,0
BRDA:149,6,1,0
BRDA:165,7,0,0
BRDA:165,7,1,0
BRDA:176,8,0,0
BRDA:176,8,1,0
BRDA:198,9,0,0
BRDA:198,9,1,0
BRDA:200,10,0,0
BRDA:200,10,1,0
BRF:24
BRH:0
end_of_record
TN:
SF:src\components\RecurrenceOptions.tsx
FN:30,(anonymous_9)
FN:50,(anonymous_10)
FN:60,(anonymous_11)
FN:97,(anonymous_12)
FN:105,(anonymous_13)
FN:109,(anonymous_14)
FN:133,(anonymous_15)
FN:150,(anonymous_16)
FN:180,(anonymous_17)
FN:197,(anonymous_18)
FN:202,(anonymous_19)
FN:224,(anonymous_20)
FN:235,(anonymous_21)
FN:249,(anonymous_22)
FN:266,(anonymous_23)
FN:273,(anonymous_24)
FN:292,(anonymous_25)
FN:308,(anonymous_26)
FN:323,(anonymous_27)
FN:342,(anonymous_28)
FN:361,(anonymous_29)
FNF:21
FNH:0
FNDA:0,(anonymous_9)
FNDA:0,(anonymous_10)
FNDA:0,(anonymous_11)
FNDA:0,(anonymous_12)
FNDA:0,(anonymous_13)
FNDA:0,(anonymous_14)
FNDA:0,(anonymous_15)
FNDA:0,(anonymous_16)
FNDA:0,(anonymous_17)
FNDA:0,(anonymous_18)
FNDA:0,(anonymous_19)
FNDA:0,(anonymous_20)
FNDA:0,(anonymous_21)
FNDA:0,(anonymous_22)
FNDA:0,(anonymous_23)
FNDA:0,(anonymous_24)
FNDA:0,(anonymous_25)
FNDA:0,(anonymous_26)
FNDA:0,(anonymous_27)
FNDA:0,(anonymous_28)
FNDA:0,(anonymous_29)
DA:1,0
DA:2,0
DA:3,0
DA:4,0
DA:5,0
DA:6,0
DA:7,0
DA:9,0
DA:10,0
DA:11,0
DA:12,0
DA:13,0
DA:14,0
DA:30,0
DA:36,0
DA:37,0
DA:39,0
DA:50,0
DA:51,0
DA:52,0
DA:55,0
DA:56,0
DA:60,0
DA:61,0
DA:62,0
DA:63,0
DA:66,0
DA:67,0
DA:90,0
DA:96,0
DA:97,0
DA:98,0
DA:100,0
DA:101,0
DA:105,0
DA:106,0
DA:107,0
DA:109,0
DA:111,0
DA:114,0
DA:134,0
DA:150,0
DA:180,0
DA:198,0
DA:203,0
DA:224,0
DA:235,0
DA:249,0
DA:266,0
DA:274,0
DA:292,0
DA:308,0
DA:323,0
DA:343,0
DA:362,0
DA:382,0
LF:56
LH:0
BRDA:34,0,0,0
BRDA:61,1,0,0
BRDA:61,1,1,0
BRDA:106,2,0,0
BRDA:106,2,1,0
BRDA:107,3,0,0
BRDA:107,3,1,0
BRDA:135,4,0,0
BRDA:135,4,1,0
BRDA:143,5,0,0
BRDA:143,5,1,0
BRDA:167,6,0,0
BRDA:167,6,1,0
BRDA:168,7,0,0
BRDA:168,7,1,0
BRDA:169,8,0,0
BRDA:169,8,1,0
BRDA:170,9,0,0
BRDA:170,9,1,0
BRDA:180,10,0,0
BRDA:180,10,1,0
BRDA:184,11,0,0
BRDA:184,11,1,0
BRDA:184,12,0,0
BRDA:184,12,1,0
BRDA:185,13,0,0
BRDA:185,13,1,0
BRDA:185,14,0,0
BRDA:185,14,1,0
BRDA:186,15,0,0
BRDA:186,15,1,0
BRDA:186,16,0,0
BRDA:186,16,1,0
BRDA:187,17,0,0
BRDA:187,17,1,0
BRDA:187,18,0,0
BRDA:187,18,1,0
BRDA:193,19,0,0
BRDA:193,19,1,0
BRDA:201,20,0,0
BRDA:201,20,1,0
BRDA:219,21,0,0
BRDA:219,21,1,0
BRDA:223,22,0,0
BRDA:223,22,1,0
BRDA:234,23,0,0
BRDA:234,23,1,0
BRDA:235,24,0,0
BRDA:235,24,1,0
BRDA:248,25,0,0
BRDA:248,25,1,0
BRDA:265,26,0,0
BRDA:265,26,1,0
BRDA:307,27,0,0
BRDA:307,27,1,0
BRDA:308,28,0,0
BRDA:308,28,1,0
BRDA:322,29,0,0
BRDA:322,29,1,0
BRDA:333,30,0,0
BRDA:333,30,1,0
BRDA:350,31,0,0
BRDA:350,31,1,0
BRDA:350,31,2,0
BRDA:366,32,0,0
BRDA:366,32,1,0
BRF:66
BRH:0
end_of_record
TN:
SF:src\components\ResizableAppointment.tsx
FN:43,(anonymous_10)
FN:60,(anonymous_11)
FN:83,(anonymous_12)
FN:92,(anonymous_13)
FNF:4
FNH:2
FNDA:6,(anonymous_10)
FNDA:1,(anonymous_11)
FNDA:0,(anonymous_12)
FNDA:0,(anonymous_13)
DA:3,1
DA:9,1
DA:11,1
DA:21,1
DA:28,1
DA:43,1
DA:55,6
DA:56,6
DA:57,6
DA:60,6
DA:61,1
DA:63,1
DA:66,1
DA:69,1
DA:70,1
DA:74,1
DA:75,1
DA:78,1
DA:79,1
DA:83,6
DA:84,0
DA:88,0
DA:92,6
DA:93,0
DA:95,0
DA:98,0
DA:99,0
DA:102,0
DA:103,0
DA:107,0
DA:110,0
DA:114,6
DA:147,1
LF:33
LH:23
BRDA:52,0,0,5
BRDA:53,1,0,5
BRDA:61,2,0,0
BRDA:61,2,1,1
BRDA:61,3,0,1
BRDA:61,3,1,1
BRDA:69,4,0,1
BRDA:69,4,1,0
BRDA:84,5,0,0
BRDA:84,5,1,0
BRDA:84,6,0,0
BRDA:84,6,1,0
BRDA:93,7,0,0
BRDA:93,7,1,0
BRDA:102,8,0,0
BRDA:102,8,1,0
BRDA:107,9,0,0
BRDA:107,9,1,0
BRDA:120,10,0,1
BRDA:120,10,1,5
BRDA:121,11,0,1
BRDA:121,11,1,5
BRF:22
BRH:10
end_of_record
TN:
SF:src\components\SearchWithSuggestions.tsx
FN:41,(anonymous_9)
FN:66,(anonymous_10)
FN:87,(anonymous_11)
FN:90,(anonymous_12)
FN:96,(anonymous_13)
FN:109,(anonymous_14)
FN:125,(anonymous_15)
FN:126,(anonymous_16)
FN:130,(anonymous_17)
FN:141,(anonymous_18)
FN:143,(anonymous_19)
FN:154,(anonymous_20)
FN:169,(anonymous_21)
FN:170,(anonymous_22)
FN:177,(anonymous_23)
FN:188,(anonymous_24)
FN:195,(anonymous_25)
FN:203,(anonymous_26)
FN:217,(anonymous_27)
FN:225,(anonymous_28)
FN:242,(anonymous_29)
FN:251,(anonymous_30)
FN:259,(anonymous_31)
FN:260,(anonymous_32)
FN:264,(anonymous_33)
FN:265,(anonymous_34)
FN:279,(anonymous_35)
FN:281,(anonymous_36)
FN:301,(anonymous_37)
FN:320,(anonymous_38)
FN:321,(anonymous_39)
FN:327,(anonymous_40)
FN:332,(anonymous_41)
FN:357,(anonymous_42)
FN:368,(anonymous_43)
FN:379,(anonymous_44)
FN:393,(anonymous_45)
FN:406,(anonymous_46)
FN:410,(anonymous_47)
FN:442,(anonymous_48)
FNF:40
FNH:0
FNDA:0,(anonymous_9)
FNDA:0,(anonymous_10)
FNDA:0,(anonymous_11)
FNDA:0,(anonymous_12)
FNDA:0,(anonymous_13)
FNDA:0,(anonymous_14)
FNDA:0,(anonymous_15)
FNDA:0,(anonymous_16)
FNDA:0,(anonymous_17)
FNDA:0,(anonymous_18)
FNDA:0,(anonymous_19)
FNDA:0,(anonymous_20)
FNDA:0,(anonymous_21)
FNDA:0,(anonymous_22)
FNDA:0,(anonymous_23)
FNDA:0,(anonymous_24)
FNDA:0,(anonymous_25)
FNDA:0,(anonymous_26)
FNDA:0,(anonymous_27)
FNDA:0,(anonymous_28)
FNDA:0,(anonymous_29)
FNDA:0,(anonymous_30)
FNDA:0,(anonymous_31)
FNDA:0,(anonymous_32)
FNDA:0,(anonymous_33)
FNDA:0,(anonymous_34)
FNDA:0,(anonymous_35)
FNDA:0,(anonymous_36)
FNDA:0,(anonymous_37)
FNDA:0,(anonymous_38)
FNDA:0,(anonymous_39)
FNDA:0,(anonymous_40)
FNDA:0,(anonymous_41)
FNDA:0,(anonymous_42)
FNDA:0,(anonymous_43)
FNDA:0,(anonymous_44)
FNDA:0,(anonymous_45)
FNDA:0,(anonymous_46)
FNDA:0,(anonymous_47)
FNDA:0,(anonymous_48)
DA:1,0
DA:2,0
DA:3,0
DA:4,0
DA:5,0
DA:6,0
DA:7,0
DA:17,0
DA:22,0
DA:23,0
DA:24,0
DA:41,0
DA:49,0
DA:50,0
DA:51,0
DA:52,0
DA:53,0
DA:54,0
DA:62,0
DA:63,0
DA:66,0
DA:67,0
DA:68,0
DA:69,0
DA:70,0
DA:72,0
DA:76,0
DA:77,0
DA:78,0
DA:79,0
DA:81,0
DA:87,0
DA:88,0
DA:89,0
DA:90,0
DA:96,0
DA:105,0
DA:106,0
DA:109,0
DA:110,0
DA:111,0
DA:123,0
DA:125,0
DA:126,0
DA:127,0
DA:128,0
DA:129,0
DA:130,0
DA:131,0
DA:132,0
DA:140,0
DA:141,0
DA:144,0
DA:154,0
DA:155,0
DA:156,0
DA:158,0
DA:159,0
DA:169,0
DA:170,0
DA:173,0
DA:177,0
DA:178,0
DA:179,0
DA:180,0
DA:181,0
DA:182,0
DA:183,0
DA:188,0
DA:189,0
DA:191,0
DA:192,0
DA:195,0
DA:196,0
DA:197,0
DA:198,0
DA:203,0
DA:204,0
DA:205,0
DA:206,0
DA:209,0
DA:214,0
DA:217,0
DA:218,0
DA:219,0
DA:221,0
DA:225,0
DA:226,0
DA:229,0
DA:230,0
DA:231,0
DA:232,0
DA:233,0
DA:234,0
DA:237,0
DA:238,0
DA:242,0
DA:243,0
DA:244,0
DA:245,0
DA:246,0
DA:251,0
DA:252,0
DA:253,0
DA:254,0
DA:255,0
DA:259,0
DA:260,0
DA:264,0
DA:265,0
DA:268,0
DA:279,0
DA:282,0
DA:283,0
DA:284,0
DA:301,0
DA:320,0
DA:322,0
DA:328,0
DA:329,0
DA:330,0
DA:332,0
DA:357,0
DA:368,0
DA:379,0
DA:394,0
DA:407,0
DA:410,0
DA:442,0
DA:449,0
LF:130
LH:0
BRDA:45,0,0,0
BRDA:46,1,0,0
BRDA:47,2,0,0
BRDA:68,3,0,0
BRDA:68,3,1,0
BRDA:77,4,0,0
BRDA:77,4,1,0
BRDA:88,5,0,0
BRDA:88,5,1,0
BRDA:110,6,0,0
BRDA:110,6,1,0
BRDA:128,7,0,0
BRDA:128,7,1,0
BRDA:128,8,0,0
BRDA:128,8,1,0
BRDA:131,9,0,0
BRDA:131,9,1,0
BRDA:131,10,0,0
BRDA:131,10,1,0
BRDA:132,11,0,0
BRDA:132,11,1,0
BRDA:158,12,0,0
BRDA:158,12,1,0
BRDA:158,13,0,0
BRDA:158,13,1,0
BRDA:161,14,0,0
BRDA:161,14,1,0
BRDA:161,15,0,0
BRDA:161,15,1,0
BRDA:162,16,0,0
BRDA:162,16,1,0
BRDA:162,17,0,0
BRDA:162,17,1,0
BRDA:163,18,0,0
BRDA:163,18,1,0
BRDA:178,19,0,0
BRDA:178,19,1,0
BRDA:178,19,2,0
BRDA:178,19,3,0
BRDA:178,19,4,0
BRDA:191,20,0,0
BRDA:191,20,1,0
BRDA:203,21,0,0
BRDA:204,22,0,0
BRDA:204,22,1,0
BRDA:229,23,0,0
BRDA:229,23,1,0
BRDA:229,24,0,0
BRDA:229,24,1,0
BRDA:243,25,0,0
BRDA:243,25,1,0
BRDA:245,26,0,0
BRDA:245,26,1,0
BRDA:288,27,0,0
BRDA:288,27,1,0
BRDA:306,28,0,0
BRDA:306,28,1,0
BRDA:329,29,0,0
BRDA:329,29,1,0
BRDA:390,30,0,0
BRDA:390,30,1,0
BRDA:395,31,0,0
BRDA:395,31,1,0
BRDA:402,32,0,0
BRDA:402,32,1,0
BRDA:402,32,2,0
BRDA:414,33,0,0
BRDA:414,33,1,0
BRDA:415,34,0,0
BRDA:415,34,1,0
BRDA:416,35,0,0
BRDA:416,35,1,0
BRDA:417,36,0,0
BRDA:417,36,1,0
BRDA:421,37,0,0
BRDA:421,37,1,0
BRDA:426,38,0,0
BRDA:426,38,1,0
BRDA:439,39,0,0
BRDA:439,39,1,0
BRF:80
BRH:0
end_of_record
TN:
SF:src\components\SyncStatusIndicator.tsx
FN:31,(anonymous_9)
FN:48,(anonymous_10)
FN:93,(anonymous_11)
FN:100,(anonymous_12)
FN:101,(anonymous_13)
FN:111,(anonymous_14)
FN:188,(anonymous_15)
FN:206,(anonymous_16)
FN:254,(anonymous_17)
FN:308,(anonymous_18)
FN:392,(anonymous_19)
FN:425,(anonymous_20)
FN:498,(anonymous_21)
FN:507,(anonymous_22)
FNF:14
FNH:14
FNDA:35,(anonymous_9)
FNDA:35,(anonymous_10)
FNDA:10,(anonymous_11)
FNDA:10,(anonymous_12)
FNDA:4,(anonymous_13)
FNDA:4,(anonymous_14)
FNDA:1,(anonymous_15)
FNDA:3,(anonymous_16)
FNDA:1,(anonymous_17)
FNDA:37,(anonymous_18)
FNDA:5,(anonymous_19)
FNDA:12,(anonymous_20)
FNDA:1,(anonymous_21)
FNDA:1,(anonymous_22)
DA:1,1
DA:2,1
DA:3,1
DA:4,1
DA:5,1
DA:6,1
DA:7,1
DA:8,1
DA:22,1
DA:23,1
DA:24,1
DA:31,1
DA:35,35
DA:44,35
DA:46,35
DA:48,35
DA:49,35
DA:50,4
DA:58,31
DA:59,3
DA:67,28
DA:68,3
DA:76,25
DA:77,4
DA:85,21
DA:93,35
DA:94,10
DA:96,9
DA:97,9
DA:100,35
DA:101,10
DA:102,4
DA:103,4
DA:104,4
DA:105,4
DA:108,10
DA:111,4
DA:115,35
DA:116,25
DA:144,10
DA:146,10
DA:188,1
DA:207,3
DA:254,1
DA:308,1
DA:318,37
DA:393,5
DA:426,12
DA:498,1
DA:507,1
DA:554,1
LF:51
LH:51
BRDA:32,0,0,25
BRDA:33,1,0,34
BRDA:49,2,0,4
BRDA:49,2,1,31
BRDA:58,3,0,3
BRDA:58,3,1,28
BRDA:58,4,0,31
BRDA:58,4,1,30
BRDA:58,4,2,28
BRDA:67,5,0,3
BRDA:67,5,1,25
BRDA:76,6,0,4
BRDA:76,6,1,21
BRDA:76,7,0,25
BRDA:76,7,1,22
BRDA:94,8,0,1
BRDA:94,8,1,9
BRDA:115,9,0,25
BRDA:115,9,1,10
BRDA:121,10,0,22
BRDA:121,10,1,3
BRDA:151,11,0,9
BRDA:151,11,1,1
BRDA:166,12,0,10
BRDA:166,12,1,9
BRDA:166,12,2,8
BRDA:166,12,3,2
BRDA:177,13,0,10
BRDA:177,13,1,4
BRDA:189,14,0,4
BRDA:189,14,1,4
BRDA:197,15,0,10
BRDA:197,15,1,3
BRDA:216,16,0,10
BRDA:216,16,1,2
BRDA:255,17,0,10
BRDA:255,17,1,8
BRDA:257,18,0,2
BRDA:257,18,1,8
BRDA:346,19,0,33
BRDA:346,19,1,4
BRDA:352,20,0,33
BRDA:352,20,1,4
BRDA:356,21,0,33
BRDA:356,21,1,4
BRDA:373,22,0,37
BRDA:373,22,1,36
BRDA:383,23,0,37
BRDA:383,23,1,4
BRDA:413,24,0,29
BRDA:413,24,1,8
BRDA:429,25,0,12
BRDA:429,25,1,6
BRDA:432,26,0,12
BRDA:432,26,1,4
BRDA:435,27,0,12
BRDA:435,27,1,2
BRDA:439,28,0,12
BRDA:439,28,1,6
BRDA:440,29,0,12
BRDA:440,29,1,4
BRDA:441,30,0,12
BRDA:441,30,1,2
BRDA:453,31,0,12
BRDA:453,31,1,6
BRDA:459,32,0,12
BRDA:459,32,1,8
BRDA:466,33,0,8
BRDA:466,33,1,4
BRDA:467,34,0,8
BRDA:467,34,1,0
BRDA:468,35,0,8
BRDA:468,35,1,2
BRDA:469,36,0,8
BRDA:469,36,1,2
BRDA:472,37,0,8
BRDA:472,37,1,8
BRDA:499,38,0,37
BRDA:499,38,1,34
BRDA:502,39,0,3
BRDA:502,39,1,34
BRDA:508,40,0,37
BRDA:508,40,1,36
BRDA:512,41,0,1
BRDA:512,41,1,36
BRDA:517,42,0,37
BRDA:517,42,1,4
BRDA:532,43,0,37
BRDA:532,43,1,3
BRDA:532,43,2,3
BRF:90
BRH:89
end_of_record
TN:
SF:src\components\admin\PermissionManagement.tsx
FN:30,PermissionManagement
FN:45,(anonymous_10)
FN:49,(anonymous_11)
FN:54,(anonymous_12)
FN:79,(anonymous_13)
FN:103,(anonymous_14)
FN:131,(anonymous_15)
FN:179,(anonymous_16)
FN:195,(anonymous_17)
FN:225,(anonymous_18)
FN:243,(anonymous_19)
FN:255,(anonymous_20)
FN:285,(anonymous_21)
FN:286,(anonymous_22)
FN:304,CreateRoleDialog
FN:309,(anonymous_24)
FN:322,(anonymous_25)
FN:346,(anonymous_26)
FN:356,(anonymous_27)
FN:363,(anonymous_28)
FN:366,(anonymous_29)
FN:371,(anonymous_30)
FN:375,(anonymous_31)
FN:411,EditRoleDialog
FN:416,(anonymous_33)
FN:424,(anonymous_34)
FN:448,(anonymous_35)
FN:459,(anonymous_36)
FN:466,(anonymous_37)
FN:469,(anonymous_38)
FN:474,(anonymous_39)
FN:478,(anonymous_40)
FN:507,PermissionsList
FN:508,(anonymous_42)
FN:516,(anonymous_43)
FN:531,(anonymous_44)
FN:545,(anonymous_45)
FN:569,UserOverridesList
FNF:38
FNH:0
FNDA:0,PermissionManagement
FNDA:0,(anonymous_10)
FNDA:0,(anonymous_11)
FNDA:0,(anonymous_12)
FNDA:0,(anonymous_13)
FNDA:0,(anonymous_14)
FNDA:0,(anonymous_15)
FNDA:0,(anonymous_16)
FNDA:0,(anonymous_17)
FNDA:0,(anonymous_18)
FNDA:0,(anonymous_19)
FNDA:0,(anonymous_20)
FNDA:0,(anonymous_21)
FNDA:0,(anonymous_22)
FNDA:0,CreateRoleDialog
FNDA:0,(anonymous_24)
FNDA:0,(anonymous_25)
FNDA:0,(anonymous_26)
FNDA:0,(anonymous_27)
FNDA:0,(anonymous_28)
FNDA:0,(anonymous_29)
FNDA:0,(anonymous_30)
FNDA:0,(anonymous_31)
FNDA:0,EditRoleDialog
FNDA:0,(anonymous_33)
FNDA:0,(anonymous_34)
FNDA:0,(anonymous_35)
FNDA:0,(anonymous_36)
FNDA:0,(anonymous_37)
FNDA:0,(anonymous_38)
FNDA:0,(anonymous_39)
FNDA:0,(anonymous_40)
FNDA:0,PermissionsList
FNDA:0,(anonymous_42)
FNDA:0,(anonymous_43)
FNDA:0,(anonymous_44)
FNDA:0,(anonymous_45)
FNDA:0,UserOverridesList
DA:1,0
DA:2,0
DA:3,0
DA:4,0
DA:5,0
DA:6,0
DA:7,0
DA:8,0
DA:9,0
DA:10,0
DA:14,0
DA:22,0
DA:23,0
DA:24,0
DA:30,0
DA:31,0
DA:32,0
DA:34,0
DA:35,0
DA:36,0
DA:37,0
DA:38,0
DA:39,0
DA:42,0
DA:43,0
DA:45,0
DA:46,0
DA:49,0
DA:50,0
DA:51,0
DA:54,0
DA:55,0
DA:56,0
DA:61,0
DA:62,0
DA:64,0
DA:69,0
DA:71,0
DA:79,0
DA:80,0
DA:81,0
DA:82,0
DA:83,0
DA:84,0
DA:85,0
DA:87,0
DA:92,0
DA:95,0
DA:103,0
DA:104,0
DA:105,0
DA:106,0
DA:107,0
DA:109,0
DA:114,0
DA:116,0
DA:123,0
DA:131,0
DA:132,0
DA:141,0
DA:144,0
DA:145,0
DA:158,0
DA:179,0
DA:196,0
DA:226,0
DA:244,0
DA:245,0
DA:255,0
DA:285,0
DA:287,0
DA:288,0
DA:305,0
DA:306,0
DA:307,0
DA:309,0
DA:310,0
DA:312,0
DA:322,0
DA:323,0
DA:324,0
DA:326,0
DA:327,0
DA:330,0
DA:346,0
DA:356,0
DA:364,0
DA:367,0
DA:372,0
DA:373,0
DA:375,0
DA:412,0
DA:413,0
DA:414,0
DA:416,0
DA:417,0
DA:424,0
DA:425,0
DA:426,0
DA:428,0
DA:429,0
DA:432,0
DA:448,0
DA:459,0
DA:467,0
DA:470,0
DA:475,0
DA:476,0
DA:478,0
DA:508,0
DA:509,0
DA:510,0
DA:512,0
DA:513,0
DA:516,0
DA:517,0
DA:526,0
DA:529,0
DA:532,0
DA:546,0
DA:571,0
DA:592,0
LF:122
LH:0
BRDA:42,0,0,0
BRDA:42,0,1,0
BRDA:43,1,0,0
BRDA:43,1,1,0
BRDA:58,2,0,0
BRDA:58,2,1,0
BRDA:82,3,0,0
BRDA:82,3,1,0
BRDA:106,4,0,0
BRDA:106,4,1,0
BRDA:141,5,0,0
BRDA:141,5,1,0
BRDA:144,6,0,0
BRDA:144,6,1,0
BRDA:144,7,0,0
BRDA:144,7,1,0
BRDA:167,8,0,0
BRDA:167,8,1,0
BRDA:206,9,0,0
BRDA:206,9,1,0
BRDA:211,10,0,0
BRDA:211,10,1,0
BRDA:227,11,0,0
BRDA:227,11,1,0
BRDA:230,12,0,0
BRDA:230,12,1,0
BRDA:238,13,0,0
BRDA:238,13,1,0
BRDA:251,14,0,0
BRDA:251,14,1,0
BRDA:281,15,0,0
BRDA:281,15,1,0
BRDA:310,16,0,0
BRDA:310,16,1,0
BRDA:323,17,0,0
BRDA:323,17,1,0
[...]
FNDA:0,(anonymous_13)
FNDA:0,(anonymous_14)
FNDA:0,(anonymous_15)
FNDA:0,(anonymous_16)
FNDA:0,(anonymous_17)
FNDA:0,(anonymous_18)
FNDA:0,(anonymous_19)
FNDA:0,(anonymous_20)
FNDA:0,(anonymous_21)
FNDA:0,(anonymous_22)
FNDA:0,(anonymous_23)
FNDA:0,(anonymous_24)
FNDA:0,(anonymous_25)
DA:13,0
DA:18,0
DA:50,0
DA:59,0
DA:65,0
DA:101,0
DA:104,0
DA:105,0
DA:112,0
DA:114,0
DA:115,0
DA:116,0
DA:118,0
DA:121,0
DA:129,0
DA:131,0
DA:132,0
DA:134,0
DA:135,0
DA:138,0
DA:139,0
DA:141,0
DA:142,0
DA:144,0
DA:147,0
DA:150,0
DA:158,0
DA:160,0
DA:161,0
DA:163,0
DA:164,0
DA:167,0
DA:171,0
DA:173,0
DA:174,0
DA:176,0
DA:179,0
DA:182,0
DA:190,0
DA:192,0
DA:195,0
DA:197,0
DA:199,0
DA:207,0
DA:209,0
DA:211,0
DA:216,0
DA:221,0
DA:222,0
DA:224,0
DA:225,0
DA:227,0
DA:230,0
DA:238,0
DA:240,0
DA:242,0
DA:247,0
DA:252,0
DA:253,0
DA:255,0
DA:256,0
DA:258,0
DA:261,0
DA:269,0
DA:271,0
DA:273,0
DA:275,0
DA:277,0
DA:278,0
DA:280,0
DA:283,0
DA:291,0
DA:293,0
DA:296,0
DA:297,0
DA:299,0
DA:300,0
DA:302,0
DA:305,0
DA:313,0
DA:315,0
DA:318,0
DA:321,0
DA:322,0
DA:324,0
DA:327,0
DA:335,0
DA:337,0
DA:338,0
DA:340,0
DA:341,0
DA:343,0
DA:346,0
DA:354,0
DA:356,0
DA:359,0
DA:361,0
DA:362,0
DA:364,0
DA:367,0
DA:375,0
DA:377,0
DA:379,0
DA:387,0
DA:389,0
DA:397,0
DA:399,0
DA:403,0
DA:405,0
DA:413,0
DA:415,0
DA:419,0
DA:421,0
DA:429,0
DA:431,0
DA:432,0
DA:433,0
DA:434,0
DA:435,0
DA:436,0
DA:437,0
DA:438,0
DA:439,0
DA:440,0
DA:441,0
DA:442,0
DA:443,0
DA:444,0
DA:447,0
DA:449,0
DA:456,0
DA:457,0
DA:459,0
DA:460,0
DA:461,0
DA:463,0
DA:464,0
DA:465,0
DA:466,0
DA:469,0
DA:470,0
DA:471,0
DA:472,0
DA:473,0
DA:477,0
DA:479,0
DA:480,0
DA:482,0
DA:485,0
DA:496,0
DA:499,0
DA:500,0
DA:504,0
LF:153
LH:0
BRDA:105,0,0,0
BRDA:105,0,1,0
BRDA:115,1,0,0
BRDA:115,1,1,0
BRDA:134,2,0,0
BRDA:134,2,1,0
BRDA:134,3,0,0
BRDA:134,3,1,0
BRDA:141,4,0,0
BRDA:141,4,1,0
BRDA:163,5,0,0
BRDA:163,5,1,0
BRDA:163,6,0,0
BRDA:163,6,1,0
BRDA:173,7,0,0
BRDA:173,7,1,0
BRDA:222,8,0,0
BRDA:222,8,1,0
BRDA:224,9,0,0
BRDA:224,9,1,0
BRDA:224,10,0,0
BRDA:224,10,1,0
BRDA:253,11,0,0
BRDA:253,11,1,0
BRDA:255,12,0,0
BRDA:255,12,1,0
BRDA:255,13,0,0
BRDA:255,13,1,0
BRDA:277,14,0,0
BRDA:277,14,1,0
BRDA:299,15,0,0
BRDA:299,15,1,0
BRDA:321,16,0,0
BRDA:321,16,1,0
BRDA:340,17,0,0
BRDA:340,17,1,0
BRDA:361,18,0,0
BRDA:361,18,1,0
BRDA:470,19,0,0
BRDA:470,19,1,0
BRDA:472,20,0,0
BRDA:472,20,1,0
BRDA:479,21,0,0
BRDA:479,21,1,0
BRDA:499,22,0,0
BRDA:499,22,1,0
BRDA:499,23,0,0
BRDA:499,23,1,0
BRF:48
BRH:0
end_of_record
TN:
SF:src\tests\emailIntegrationTest.ts
FN:106,(anonymous_9)
FN:109,(anonymous_10)
FN:117,(anonymous_11)
FN:162,(anonymous_12)
FN:191,(anonymous_13)
FN:228,(anonymous_14)
FN:236,(anonymous_15)
FN:253,(anonymous_16)
FN:274,(anonymous_17)
FN:286,(anonymous_18)
FN:307,(anonymous_19)
FN:318,(anonymous_20)
FN:321,(anonymous_21)
FN:321,(anonymous_22)
FN:323,(anonymous_23)
FN:339,(anonymous_24)
FN:381,(anonymous_25)
FN:392,(anonymous_26)
FN:400,(anonymous_27)
FN:404,(anonymous_28)
FN:405,(anonymous_29)
FN:414,(anonymous_30)
FNF:22
FNH:0
FNDA:0,(anonymous_9)
FNDA:0,(anonymous_10)
FNDA:0,(anonymous_11)
FNDA:0,(anonymous_12)
FNDA:0,(anonymous_13)
FNDA:0,(anonymous_14)
FNDA:0,(anonymous_15)
FNDA:0,(anonymous_16)
FNDA:0,(anonymous_17)
FNDA:0,(anonymous_18)
FNDA:0,(anonymous_19)
FNDA:0,(anonymous_20)
FNDA:0,(anonymous_21)
FNDA:0,(anonymous_22)
FNDA:0,(anonymous_23)
FNDA:0,(anonymous_24)
FNDA:0,(anonymous_25)
FNDA:0,(anonymous_26)
FNDA:0,(anonymous_27)
FNDA:0,(anonymous_28)
FNDA:0,(anonymous_29)
FNDA:0,(anonymous_30)
DA:14,0
DA:15,0
DA:16,0
DA:17,0
DA:28,0
DA:65,0
DA:89,0
DA:98,0
DA:107,0
DA:110,0
DA:111,0
DA:118,0
DA:120,0
DA:122,0
DA:123,0
DA:124,0
DA:126,0
DA:127,0
DA:131,0
DA:132,0
DA:133,0
DA:136,0
DA:139,0
DA:141,0
DA:144,0
DA:148,0
DA:149,0
DA:150,0
DA:155,0
DA:163,0
DA:165,0
DA:167,0
DA:174,0
DA:175,0
DA:178,0
DA:191,0
DA:193,0
DA:194,0
DA:196,0
DA:201,0
DA:204,0
DA:206,0
DA:210,0
DA:211,0
DA:213,0
DA:217,0
DA:221,0
DA:229,0
DA:231,0
DA:233,0
DA:234,0
DA:236,0
DA:237,0
DA:238,0
DA:239,0
DA:243,0
DA:244,0
DA:246,0
DA:250,0
DA:251,0
DA:253,0
DA:254,0
DA:255,0
DA:256,0
DA:260,0
DA:261,0
DA:263,0
DA:267,0
DA:275,0
DA:277,0
DA:279,0
DA:281,0
DA:282,0
DA:285,0
DA:286,0
DA:288,0
DA:289,0
DA:291,0
DA:296,0
DA:300,0
DA:308,0
DA:310,0
DA:312,0
DA:318,0
DA:319,0
DA:321,0
DA:322,0
DA:324,0
DA:327,0
DA:332,0
DA:340,0
DA:342,0
DA:344,0
DA:347,0
DA:355,0
DA:356,0
DA:360,0
DA:362,0
DA:365,0
DA:370,0
DA:374,0
DA:382,0
DA:384,0
DA:385,0
DA:386,0
DA:387,0
DA:388,0
DA:389,0
DA:392,0
DA:394,0
DA:401,0
DA:402,0
DA:404,0
DA:405,0
DA:406,0
DA:408,0
DA:409,0
DA:410,0
DA:411,0
DA:414,0
DA:415,0
DA:416,0
DA:417,0
DA:418,0
DA:422,0
DA:424,0
DA:425,0
DA:427,0
DA:430,0
DA:441,0
DA:444,0
DA:445,0
DA:449,0
LF:133
LH:0
BRDA:111,0,0,0
BRDA:111,0,1,0
BRDA:123,1,0,0
BRDA:123,1,1,0
BRDA:132,2,0,0
BRDA:132,2,1,0
BRDA:136,3,0,0
BRDA:136,3,1,0
BRDA:136,4,0,0
BRDA:136,4,1,0
BRDA:136,4,2,0
BRDA:148,5,0,0
BRDA:148,5,1,0
BRDA:150,6,0,0
BRDA:150,6,1,0
BRDA:151,7,0,0
BRDA:151,7,1,0
BRDA:174,8,0,0
BRDA:174,8,1,0
BRDA:174,9,0,0
BRDA:174,9,1,0
BRDA:174,9,2,0
BRDA:193,10,0,0
BRDA:193,10,1,0
BRDA:201,11,0,0
BRDA:201,11,1,0
BRDA:201,12,0,0
BRDA:201,12,1,0
BRDA:201,12,2,0
BRDA:210,13,0,0
BRDA:210,13,1,0
BRDA:210,14,0,0
BRDA:210,14,1,0
BRDA:238,15,0,0
BRDA:238,15,1,0
BRDA:243,16,0,0
BRDA:243,16,1,0
BRDA:255,17,0,0
BRDA:255,17,1,0
BRDA:260,18,0,0
BRDA:260,18,1,0
BRDA:281,19,0,0
BRDA:281,19,1,0
BRDA:281,20,0,0
BRDA:281,20,1,0
BRDA:288,21,0,0
BRDA:288,21,1,0
BRDA:355,22,0,0
BRDA:355,22,1,0
BRDA:355,23,0,0
BRDA:355,23,1,0
BRDA:360,24,0,0
BRDA:360,24,1,0
BRDA:360,25,0,0
BRDA:360,25,1,0
BRDA:415,26,0,0
BRDA:415,26,1,0
BRDA:417,27,0,0
BRDA:417,27,1,0
BRDA:424,28,0,0
BRDA:424,28,1,0
BRDA:444,29,0,0
BRDA:444,29,1,0
BRDA:444,30,0,0
BRDA:444,30,1,0
BRF:65
BRH:0
end_of_record
TN:
SF:src\types\appointment.ts
FN:2,(anonymous_0)
FNF:1
FNH:0
FNDA:0,(anonymous_0)
DA:2,0
LF:1
LH:0
BRF:0
BRH:0
end_of_record
TN:
SF:src\types\email.ts
FNF:0
FNH:0
DA:423,4
DA:469,4
DA:477,4
LF:3
LH:3
BRF:0
BRH:0
end_of_record
TN:
SF:src\types\filtering.ts
FNF:0
FNH:0
DA:269,1
DA:281,1
DA:434,1
LF:3
LH:3
BRF:0
BRH:0
end_of_record
TN:
SF:src\types\project.ts
FN:2,(anonymous_0)
FNF:1
FNH:0
FNDA:0,(anonymous_0)
DA:2,0
LF:1
LH:0
BRF:0
BRH:0
end_of_record
TN:
SF:src\utils\emailTemplateBuilder.ts
FN:35,(anonymous_0)
FN:54,(anonymous_1)
FN:64,(anonymous_2)
FN:87,(anonymous_3)
FN:111,(anonymous_4)
FN:139,(anonymous_5)
FN:159,(anonymous_6)
FN:183,(anonymous_7)
FN:207,(anonymous_8)
FN:263,(anonymous_9)
FN:267,(anonymous_10)
FN:279,(anonymous_11)
FN:283,(anonymous_12)
FN:287,(anonymous_13)
FN:291,(anonymous_14)
FN:295,(anonymous_15)
FN:302,(anonymous_16)
FN:310,(anonymous_17)
FN:323,(anonymous_18)
FN:330,(anonymous_19)
FN:343,(anonymous_20)
FN:357,(anonymous_21)
FN:373,(anonymous_22)
FN:387,(anonymous_23)
FNF:24
FNH:0
FNDA:0,(anonymous_0)
FNDA:0,(anonymous_1)
FNDA:0,(anonymous_2)
FNDA:0,(anonymous_3)
FNDA:0,(anonymous_4)
FNDA:0,(anonymous_5)
FNDA:0,(anonymous_6)
FNDA:0,(anonymous_7)
FNDA:0,(anonymous_8)
FNDA:0,(anonymous_9)
FNDA:0,(anonymous_10)
FNDA:0,(anonymous_11)
FNDA:0,(anonymous_12)
FNDA:0,(anonymous_13)
FNDA:0,(anonymous_14)
FNDA:0,(anonymous_15)
FNDA:0,(anonymous_16)
FNDA:0,(anonymous_17)
FNDA:0,(anonymous_18)
FNDA:0,(anonymous_19)
FNDA:0,(anonymous_20)
FNDA:0,(anonymous_21)
FNDA:0,(anonymous_22)
FNDA:0,(anonymous_23)
DA:6,0
DA:31,0
DA:32,0
DA:33,0
DA:36,0
DA:37,0
DA:55,0
DA:56,0
DA:57,0
DA:58,0
DA:65,0
DA:66,0
DA:70,0
DA:73,0
DA:76,0
DA:79,0
DA:81,0
DA:88,0
DA:105,0
DA:112,0
DA:116,0
DA:120,0
DA:122,0
DA:140,0
DA:141,0
DA:143,0
DA:153,0
DA:160,0
DA:177,0
DA:184,0
DA:201,0
DA:208,0
DA:210,0
DA:222,0
DA:230,0
DA:239,0
DA:246,0
DA:253,0
DA:264,0
DA:268,0
DA:276,0
DA:280,0
DA:284,0
DA:288,0
DA:292,0
DA:296,0
DA:303,0
DA:311,0
DA:313,0
DA:324,0
DA:331,0
DA:332,0
DA:339,0
DA:344,0
DA:358,0
DA:360,0
DA:374,0
DA:388,0
DA:399,0
LF:59
LH:0
BRDA:57,0,0,0
BRDA:57,0,1,0
BRDA:65,1,0,0
BRDA:65,1,1,0
BRDA:65,2,0,0
BRDA:65,2,1,0
BRDA:105,3,0,0
BRDA:105,3,1,0
BRDA:112,4,0,0
BRDA:112,4,1,0
BRDA:116,5,0,0
BRDA:116,5,1,0
BRDA:140,6,0,0
BRDA:140,6,1,0
BRDA:177,7,0,0
BRDA:177,7,1,0
BRDA:201,8,0,0
BRDA:201,8,1,0
BRDA:208,9,0,0
BRDA:208,9,1,0
BRDA:208,9,2,0
BRDA:208,9,3,0
BRDA:208,9,4,0
BRDA:208,9,5,0
BRDA:276,10,0,0
BRDA:276,10,1,0
BRDA:288,11,0,0
BRDA:288,11,1,0
BRDA:292,12,0,0
BRDA:292,12,1,0
BRDA:311,13,0,0
BRDA:311,13,1,0
BRDA:358,14,0,0
BRDA:358,14,1,0
BRDA:358,15,0,0
BRDA:358,15,1,0
BRF:36
BRH:0
end_of_record
TN:
SF:src\utils\emailTemplateUtils.ts
FN:92,(anonymous_0)
FN:108,(anonymous_1)
FN:122,(anonymous_2)
FN:138,(anonymous_3)
FN:170,(anonymous_4)
FN:226,(anonymous_5)
FN:241,(anonymous_6)
FN:255,(anonymous_7)
FN:270,(anonymous_8)
FN:286,(anonymous_9)
FN:304,(anonymous_10)
FNF:11
FNH:0
FNDA:0,(anonymous_0)
FNDA:0,(anonymous_1)
FNDA:0,(anonymous_2)
FNDA:0,(anonymous_3)
FNDA:0,(anonymous_4)
FNDA:0,(anonymous_5)
FNDA:0,(anonymous_6)
FNDA:0,(anonymous_7)
FNDA:0,(anonymous_8)
FNDA:0,(anonymous_9)
FNDA:0,(anonymous_10)
DA:12,0
DA:59,0
DA:88,0
DA:93,0
DA:94,0
DA:101,0
DA:109,0
DA:110,0
DA:115,0
DA:123,0
DA:132,0
DA:139,0
DA:145,0
DA:150,0
DA:166,0
DA:176,0
DA:227,0
DA:242,0
DA:256,0
DA:271,0
DA:287,0
DA:288,0
DA:291,0
DA:292,0
DA:293,0
DA:294,0
DA:298,0
DA:305,0
DA:308,0
DA:309,0
DA:310,0
DA:311,0
DA:315,0
DA:316,0
DA:319,0
DA:320,0
DA:324,0
DA:325,0
DA:328,0
DA:333,0
DA:356,0
LF:41
LH:0
BRDA:132,0,0,0
BRDA:132,0,1,0
BRDA:145,1,0,0
BRDA:145,1,1,0
BRDA:174,2,0,0
BRDA:275,3,0,0
BRDA:275,3,1,0
BRDA:293,4,0,0
BRDA:293,4,1,0
BRDA:293,5,0,0
BRDA:293,5,1,0
BRDA:293,5,2,0
BRDA:308,6,0,0
BRDA:308,6,1,0
BRDA:309,7,0,0
BRDA:309,7,1,0
BRDA:310,8,0,0
BRDA:310,8,1,0
BRDA:315,9,0,0
BRDA:315,9,1,0
BRDA:319,10,0,0
BRDA:319,10,1,0
BRDA:324,11,0,0
BRDA:324,11,1,0
BRF:24
BRH:0
end_of_record
TN:
SF:src\utils\env.ts
FN:4,getEnvVar
FN:18,isDevelopment
FN:22,isProduction
FN:26,isTest
FNF:4
FNH:2
FNDA:33,getEnvVar
FNDA:0,isDevelopment
FNDA:6,isProduction
FNDA:0,isTest
DA:4,15
DA:6,33
DA:7,33
DA:11,0
DA:12,0
DA:15,0
DA:18,15
DA:19,0
DA:22,15
DA:23,6
DA:26,15
DA:27,0
LF:12
LH:7
BRDA:6,0,0,33
BRDA:6,0,1,0
BRDA:6,1,0,33
BRDA:6,1,1,33
BRDA:7,2,0,33
BRDA:7,2,1,3
BRDA:11,3,0,0
BRDA:11,3,1,0
BRDA:11,4,0,0
BRDA:11,4,1,0
BRDA:12,5,0,0
BRDA:12,5,1,0
BRDA:27,6,0,0
BRDA:27,6,1,0
BRF:14
BRH:5
end_of_record
TN:
SF:src\utils\errorHandling.ts
FN:6,(anonymous_9)
FN:36,(anonymous_10)
FN:74,(anonymous_11)
FN:98,(anonymous_12)
FN:142,(anonymous_13)
FN:150,(anonymous_14)
FN:157,(anonymous_15)
FN:177,(anonymous_16)
FN:186,(anonymous_17)
FN:189,(anonymous_18)
FN:202,(anonymous_19)
FN:211,(anonymous_20)
FN:228,(anonymous_21)
FN:233,(anonymous_22)
FN:235,(anonymous_23)
FN:238,(anonymous_24)
FN:298,(anonymous_25)
FN:310,(anonymous_26)
FN:319,(anonymous_27)
FN:332,(anonymous_28)
FN:349,(anonymous_29)
FN:397,(anonymous_30)
FN:421,(anonymous_31)
FN:433,(anonymous_32)
FN:451,(anonymous_33)
FN:468,(anonymous_34)
FN:480,(anonymous_35)
FN:540,(anonymous_36)
FN:551,(anonymous_37)
FN:561,(anonymous_38)
FN:583,(anonymous_39)
FN:626,(anonymous_40)
FN:645,(anonymous_41)
FN:647,(anonymous_42)
FN:658,(anonymous_43)
FN:678,(anonymous_44)
FN:679,(anonymous_45)
FN:689,(anonymous_46)
FN:694,(anonymous_47)
FN:697,(anonymous_48)
FN:700,(anonymous_49)
FN:702,(anonymous_50)
FN:705,(anonymous_51)
FN:715,(anonymous_52)
FN:723,(anonymous_53)
FN:724,(anonymous_54)
FN:745,(anonymous_55)
FN:749,(anonymous_56)
FN:771,(anonymous_57)
FN:803,(anonymous_58)
FN:808,(anonymous_59)
FN:824,(anonymous_60)
FN:832,(anonymous_61)
FN:833,(anonymous_62)
FNF:54
FNH:12
FNDA:2,(anonymous_9)
FNDA:6,(anonymous_10)
FNDA:0,(anonymous_11)
FNDA:0,(anonymous_12)
FNDA:0,(anonymous_13)
FNDA:0,(anonymous_14)
FNDA:6,(anonymous_15)
FNDA:0,(anonymous_16)
FNDA:0,(anonymous_17)
FNDA:0,(anonymous_18)
FNDA:0,(anonymous_19)
FNDA:6,(anonymous_20)
FNDA:0,(anonymous_21)
FNDA:6,(anonymous_22)
FNDA:24,(anonymous_23)
FNDA:0,(anonymous_24)
FNDA:0,(anonymous_25)
FNDA:0,(anonymous_26)
FNDA:0,(anonymous_27)
FNDA:0,(anonymous_28)
FNDA:0,(anonymous_29)
FNDA:0,(anonymous_30)
FNDA:0,(anonymous_31)
FNDA:0,(anonymous_32)
FNDA:0,(anonymous_33)
FNDA:0,(anonymous_34)
FNDA:0,(anonymous_35)
FNDA:2,(anonymous_36)
FNDA:0,(anonymous_37)
FNDA:0,(anonymous_38)
FNDA:2,(anonymous_39)
FNDA:55,(anonymous_40)
FNDA:45,(anonymous_41)
FNDA:45,(anonymous_42)
FNDA:0,(anonymous_43)
FNDA:0,(anonymous_44)
FNDA:0,(anonymous_45)
FNDA:0,(anonymous_46)
FNDA:0,(anonymous_47)
FNDA:0,(anonymous_48)
FNDA:0,(anonymous_49)
FNDA:0,(anonymous_50)
FNDA:57,(anonymous_51)
FNDA:0,(anonymous_52)
FNDA:0,(anonymous_53)
FNDA:0,(anonymous_54)
FNDA:0,(anonymous_55)
FNDA:0,(anonymous_56)
FNDA:0,(anonymous_57)
FNDA:0,(anonymous_58)
FNDA:0,(anonymous_59)
FNDA:0,(anonymous_60)
FNDA:0,(anonymous_61)
FNDA:0,(anonymous_62)
DA:1,2
DA:6,2
DA:7,2
DA:8,2
DA:9,2
DA:10,2
DA:11,2
DA:12,2
DA:13,2
DA:14,2
DA:29,2
DA:30,2
DA:31,2
DA:37,6
DA:40,6
DA:41,0
DA:49,6
DA:50,6
DA:58,0
DA:67,6
DA:68,6
DA:75,0
DA:77,0
DA:79,0
DA:81,0
DA:83,0
DA:85,0
DA:87,0
DA:89,0
DA:91,0
DA:99,0
DA:101,0
DA:107,0
DA:113,0
DA:119,0
DA:125,0
DA:131,0
DA:143,0
DA:144,0
DA:151,0
DA:158,6
DA:159,6
DA:160,0
DA:164,6
DA:165,0
DA:169,6
DA:170,0
DA:183,0
DA:184,0
DA:185,0
DA:186,0
DA:189,0
DA:190,0
DA:191,0
DA:194,0
DA:203,0
DA:204,0
DA:205,0
DA:206,0
DA:207,0
DA:208,0
DA:212,6
DA:213,6
DA:214,0
DA:216,6
DA:217,0
DA:219,6
DA:220,0
DA:222,6
DA:223,0
DA:225,6
DA:229,0
DA:230,0
DA:234,6
DA:235,24
DA:239,0
DA:241,0
DA:246,0
DA:251,0
DA:279,0
DA:280,0
DA:281,0
DA:291,0
DA:299,0
DA:300,0
DA:301,0
DA:302,0
DA:304,0
DA:313,0
DA:320,0
DA:321,0
DA:322,0
DA:323,0
DA:324,0
DA:325,0
DA:333,0
DA:334,0
DA:335,0
DA:336,0
DA:339,0
DA:340,0
DA:342,0
DA:350,0
DA:370,0
DA:386,0
DA:387,0
DA:390,0
DA:415,0
DA:427,0
DA:445,0
DA:462,0
DA:469,0
DA:470,0
DA:472,0
DA:473,0
DA:481,0
DA:482,0
DA:483,0
DA:484,0
DA:486,0
DA:531,2
DA:532,2
DA:533,2
DA:534,2
DA:535,2
DA:542,2
DA:543,2
DA:546,2
DA:547,2
DA:551,2
DA:552,0
DA:553,0
DA:565,0
DA:573,0
DA:574,0
DA:575,0
DA:577,0
DA:584,2
DA:586,2
DA:587,2
DA:589,0
DA:591,0
DA:592,0
DA:594,0
DA:595,0
DA:596,0
DA:597,0
DA:598,0
DA:600,0
DA:601,0
DA:602,0
DA:604,0
DA:605,0
DA:606,0
DA:608,0
DA:615,0
DA:618,0
DA:619,0
DA:631,55
DA:632,55
DA:633,55
DA:635,55
DA:646,45
DA:647,45
DA:648,45
DA:649,45
DA:650,45
DA:664,0
DA:665,0
DA:667,0
DA:668,0
DA:671,0
DA:673,0
DA:674,0
DA:675,0
DA:677,0
DA:678,0
DA:679,0
DA:681,0
DA:690,0
DA:691,0
DA:692,0
DA:694,0
DA:697,0
DA:701,0
DA:702,0
DA:706,57
DA:707,57
DA:708,57
DA:710,0
DA:711,0
DA:716,0
DA:717,0
DA:719,0
DA:724,0
DA:726,0
DA:728,0
DA:729,0
DA:731,0
DA:732,0
DA:733,0
DA:736,0
DA:737,0
DA:738,0
DA:741,0
DA:746,0
DA:751,0
DA:758,0
DA:765,2
DA:766,2
DA:778,0
DA:779,0
DA:780,0
DA:781,0
DA:782,0
DA:785,0
DA:787,0
DA:789,0
DA:790,0
DA:793,0
DA:797,0
DA:808,0
DA:809,0
DA:810,0
DA:811,0
DA:813,0
DA:814,0
DA:818,0
DA:825,0
DA:826,0
DA:827,0
DA:828,0
DA:833,0
DA:838,2
DA:839,2
LF:235
LH:60
BRDA:6,0,0,2
BRDA:6,0,1,2
BRDA:40,1,0,0
BRDA:40,1,1,6
BRDA:49,2,0,6
BRDA:49,2,1,0
BRDA:75,3,0,0
BRDA:75,3,1,0
BRDA:75,3,2,0
BRDA:75,3,3,0
BRDA:75,3,4,0
BRDA:75,3,5,0
BRDA:75,3,6,0
BRDA:75,3,7,0
BRDA:99,4,0,0
BRDA:99,4,1,0
BRDA:99,4,2,0
BRDA:99,4,3,0
BRDA:99,4,4,0
BRDA:99,4,5,0
BRDA:142,5,0,0
BRDA:144,6,0,0
BRDA:144,6,1,0
BRDA:159,7,0,0
BRDA:159,7,1,6
BRDA:164,8,0,0
BRDA:164,8,1,6
BRDA:169,9,0,0
BRDA:169,9,1,6
BRDA:190,10,0,0
BRDA:190,10,1,0
BRDA:203,11,0,0
BRDA:203,11,1,0
BRDA:204,12,0,0
BRDA:204,12,1,0
BRDA:205,13,0,0
BRDA:205,13,1,0
BRDA:206,14,0,0
BRDA:206,14,1,0
BRDA:207,15,0,0
BRDA:207,15,1,0
BRDA:213,16,0,0
BRDA:213,16,1,6
BRDA:213,17,0,6
BRDA:213,17,1,6
BRDA:216,18,0,0
BRDA:216,18,1,6
BRDA:216,19,0,6
BRDA:216,19,1,6
BRDA:219,20,0,0
BRDA:219,20,1,6
BRDA:222,21,0,0
BRDA:222,21,1,6
BRDA:222,22,0,6
BRDA:222,22,1,6
BRDA:241,23,0,0
BRDA:241,23,1,0
BRDA:241,24,0,0
BRDA:241,24,1,0
BRDA:246,25,0,0
BRDA:246,25,1,0
BRDA:246,26,0,0
BRDA:246,26,1,0
BRDA:300,27,0,0
BRDA:300,27,1,0
BRDA:313,28,0,0
BRDA:313,28,1,0
BRDA:320,29,0,0
BRDA:320,29,1,0
BRDA:335,30,0,0
BRDA:335,30,1,0
BRDA:373,31,0,0
BRDA:373,31,1,0
BRDA:374,32,0,0
BRDA:374,32,1,0
BRDA:378,33,0,0
BRDA:378,33,1,0
BRDA:386,34,0,0
BRDA:386,34,1,0
BRDA:470,35,0,0
BRDA:470,35,1,0
BRDA:546,36,0,2
BRDA:546,36,1,0
BRDA:552,37,0,0
BRDA:552,37,1,0
BRDA:584,38,0,0
BRDA:584,38,1,2
BRDA:587,39,0,2
BRDA:587,39,1,0
BRDA:604,40,0,0
BRDA:604,40,1,0
BRDA:618,41,0,0
BRDA:618,41,1,0
BRDA:633,42,0,0
BRDA:633,42,1,55
BRDA:649,43,0,45
BRDA:649,43,1,0
BRDA:667,44,0,0
BRDA:667,44,1,0
BRDA:708,45,0,0
BRDA:708,45,1,57
BRDA:726,46,0,0
BRDA:726,46,1,0
BRDA:726,46,2,0
BRDA:726,46,3,0
BRDA:773,47,0,0
BRDA:780,48,0,0
BRDA:780,48,1,0
BRDA:789,49,0,0
BRDA:789,49,1,0
BRDA:789,50,0,0
BRDA:789,50,1,0
BRDA:826,51,0,0
BRDA:826,51,1,0
BRDA:838,52,0,2
BRDA:838,52,1,0
BRF:116
BRH:24
end_of_record
TN:
SF:src\utils\routePreloader.ts
FN:17,(anonymous_9)
FN:17,(anonymous_10)
FN:18,(anonymous_11)
FN:18,(anonymous_12)
FN:19,(anonymous_13)
FN:19,(anonymous_14)
FN:20,(anonymous_15)
FN:20,(anonymous_16)
FN:21,(anonymous_17)
FN:21,(anonymous_18)
FN:22,(anonymous_19)
FN:22,(anonymous_20)
FN:23,(anonymous_21)
FN:23,(anonymous_22)
FN:24,(anonymous_23)
FN:24,(anonymous_24)
FN:25,(anonymous_25)
FN:25,(anonymous_26)
FN:26,(anonymous_27)
FN:26,(anonymous_28)
FN:27,(anonymous_29)
FN:27,(anonymous_30)
FN:28,(anonymous_31)
FN:28,(anonymous_32)
FN:29,(anonymous_33)
FN:29,(anonymous_34)
FN:30,(anonymous_35)
FN:30,(anonymous_36)
FN:39,(anonymous_37)
FN:54,(anonymous_38)
FN:65,(anonymous_39)
FN:76,(anonymous_40)
FN:83,(anonymous_41)
FN:93,(anonymous_42)
FN:98,(anonymous_43)
FN:107,(anonymous_44)
FN:119,(anonymous_45)
FN:126,(anonymous_46)
FN:127,(anonymous_47)
FN:145,(anonymous_48)
FN:147,(anonymous_49)
FN:154,(anonymous_50)
FN:164,(anonymous_51)
FN:173,(anonymous_52)
FN:181,(anonymous_53)
FN:185,(anonymous_54)
FN:214,(anonymous_55)
FN:215,(anonymous_56)
FNF:48
FNH:0
FNDA:0,(anonymous_9)
FNDA:0,(anonymous_10)
FNDA:0,(anonymous_11)
FNDA:0,(anonymous_12)
FNDA:0,(anonymous_13)
FNDA:0,(anonymous_14)
FNDA:0,(anonymous_15)
FNDA:0,(anonymous_16)
FNDA:0,(anonymous_17)
FNDA:0,(anonymous_18)
FNDA:0,(anonymous_19)
FNDA:0,(anonymous_20)
FNDA:0,(anonymous_21)
FNDA:0,(anonymous_22)
FNDA:0,(anonymous_23)
FNDA:0,(anonymous_24)
FNDA:0,(anonymous_25)
FNDA:0,(anonymous_26)
FNDA:0,(anonymous_27)
FNDA:0,(anonymous_28)
FNDA:0,(anonymous_29)
FNDA:0,(anonymous_30)
FNDA:0,(anonymous_31)
FNDA:0,(anonymous_32)
FNDA:0,(anonymous_33)
FNDA:0,(anonymous_34)
FNDA:0,(anonymous_35)
FNDA:0,(anonymous_36)
FNDA:0,(anonymous_37)
FNDA:0,(anonymous_38)
FNDA:0,(anonymous_39)
FNDA:0,(anonymous_40)
FNDA:0,(anonymous_41)
FNDA:0,(anonymous_42)
FNDA:0,(anonymous_43)
FNDA:0,(anonymous_44)
FNDA:0,(anonymous_45)
FNDA:0,(anonymous_46)
FNDA:0,(anonymous_47)
FNDA:0,(anonymous_48)
FNDA:0,(anonymous_49)
FNDA:0,(anonymous_50)
FNDA:0,(anonymous_51)
FNDA:0,(anonymous_52)
FNDA:0,(anonymous_53)
FNDA:0,(anonymous_54)
FNDA:0,(anonymous_55)
FNDA:0,(anonymous_56)
DA:9,0
DA:16,0
DA:17,0
DA:18,0
DA:19,0
DA:20,0
DA:21,0
DA:22,0
DA:23,0
DA:24,0
DA:25,0
DA:26,0
DA:27,0
DA:28,0
DA:29,0
DA:30,0
DA:34,0
DA:39,0
DA:40,0
DA:42,0
DA:43,0
DA:46,0
DA:47,0
DA:48,0
DA:49,0
DA:52,0
DA:54,0
DA:56,0
DA:57,0
DA:58,0
DA:65,0
DA:66,0
DA:70,0
DA:76,0
DA:77,0
DA:79,0
DA:83,0
DA:84,0
DA:85,0
DA:87,0
DA:89,0
DA:90,0
DA:92,0
DA:93,0
DA:94,0
DA:98,0
DA:99,0
DA:103,0
DA:104,0
DA:107,0
DA:108,0
DA:109,0
DA:110,0
DA:113,0
DA:119,0
DA:120,0
DA:121,0
DA:122,0
DA:125,0
DA:127,0
DA:128,0
DA:129,0
DA:130,0
DA:132,0
DA:133,0
DA:134,0
DA:145,0
DA:146,0
DA:147,0
DA:151,0
DA:154,0
DA:155,0
DA:158,0
DA:164,0
DA:165,0
DA:166,0
DA:173,0
DA:174,0
DA:175,0
DA:181,0
DA:182,0
DA:184,0
DA:185,0
DA:188,0
DA:191,0
DA:193,0
DA:194,0
DA:195,0
DA:199,0
DA:200,0
DA:201,0
DA:206,0
DA:207,0
DA:211,0
DA:214,0
DA:215,0
DA:220,0
LF:97
LH:0
BRDA:40,0,0,0
BRDA:40,0,1,0
BRDA:42,1,0,0
BRDA:42,1,1,0
BRDA:47,2,0,0
BRDA:47,2,1,0
BRDA:76,3,0,0
BRDA:79,4,0,0
BRDA:79,4,1,0
BRDA:87,5,0,0
BRDA:87,5,1,0
BRDA:90,6,0,0
BRDA:90,6,1,0
BRDA:90,7,0,0
BRDA:90,7,1,0
BRDA:90,7,2,0
BRDA:120,8,0,0
BRDA:120,8,1,0
BRDA:128,9,0,0
BRDA:128,9,1,0
BRDA:132,10,0,0
BRDA:132,10,1,0
BRDA:132,11,0,0
BRDA:132,11,1,0
BRDA:132,11,2,0
BRDA:181,12,0,0
BRDA:184,13,0,0
BRDA:184,13,1,0
BRDA:191,14,0,0
BRDA:191,14,1,0
BRDA:191,14,2,0
BRDA:200,15,0,0
BRDA:200,15,1,0
BRF:33
BRH:0
end_of_record
